TN:
SF:/home/francois/hydradx/math/benches/benchmarks.rs
FNF:0
DA:26,0
DA:27,0
DA:28,0
DA:30,0
DA:39,0
DA:40,0
DA:41,0
DA:52,0
DA:53,0
DA:55,0
DA:57,0
DA:60,0
DA:61,0
DA:62,0
DA:63,0
LF:15
LH:0
end_of_record
TN:
SF:/home/francois/hydradx/math/src/dynamic_fees/math.rs
FN:13,recalculate_asset_fee<sp_arithmetic::per_things::Permill>
FN:31,recalculate_protocol_fee<sp_arithmetic::per_things::Permill>
FN:43,recalculate_fee<sp_arithmetic::per_things::Permill>
FNF:3
FNDA:9,recalculate_asset_fee<sp_arithmetic::per_things::Permill>
FNDA:8,recalculate_protocol_fee<sp_arithmetic::per_things::Permill>
FNDA:8,recalculate_fee<sp_arithmetic::per_things::Permill>
DA:13,9
DA:22,6
DA:31,8
DA:40,5
DA:43,8
DA:54,7
DA:55,10
DA:56,0
DA:57,5
DA:58,10
DA:59,0
DA:60,5
DA:62,7
DA:67,15
DA:68,11
DA:69,11
DA:71,0
DA:74,11
DA:77,12
DA:78,6
DA:79,22
DA:80,3
DA:82,9
DA:85,28
DA:86,5
DA:88,3
DA:91,7
LF:27
LH:24
end_of_record
TN:
SF:/home/francois/hydradx/math/src/dynamic_fees/types.rs
FNF:0
DA:23,7
DA:24,11
DA:25,6
DA:26,6
DA:27,7
DA:29,5
DA:30,5
DA:31,8
LF:8
LH:8
end_of_record
TN:
SF:/home/francois/hydradx/math/src/ema/math.rs
FN:17,calculate_new_by_integrating_incoming
FN:33,update_outdated_to_current
FN:52,iterated_price_ema
FN:60,iterated_balance_ema
FN:68,iterated_volume_ema
FN:76,iterated_liquidity_ema
FN:96,exp_smoothing
FN:116,smoothing_from_period
FN:125,price_weighted_average
FN:139,balance_weighted_average
FN:157,volume_weighted_average
FN:175,liquidity_weighted_average
FN:193,saturating_sub
FN:207,multiply
FN:225,round
FN:243,round_to_rational
FN:262,rounding_add
FN:279,rounding_sub
FNF:18
FNDA:4,calculate_new_by_integrating_incoming
FNDA:10,update_outdated_to_current
FNDA:2,iterated_price_ema
FNDA:5,iterated_balance_ema
FNDA:2,iterated_volume_ema
FNDA:1,iterated_liquidity_ema
FNDA:10,exp_smoothing
FNDA:5,smoothing_from_period
FNDA:11,price_weighted_average
FNDA:10,balance_weighted_average
FNDA:10,volume_weighted_average
FNDA:10,liquidity_weighted_average
FNDA:11,saturating_sub
FNDA:27,multiply
FNDA:10,round
FNDA:26,round_to_rational
FNDA:20,rounding_add
FNDA:8,rounding_sub
DA:17,4
DA:22,4
DA:23,4
DA:24,4
DA:25,3
DA:26,3
DA:27,4
DA:33,10
DA:39,10
DA:40,10
DA:41,10
DA:42,11
DA:43,11
DA:44,10
DA:45,10
DA:52,2
DA:53,2
DA:60,5
DA:61,2
DA:68,2
DA:69,2
DA:76,1
DA:82,1
DA:96,10
DA:97,17
DA:98,10
DA:100,10
DA:101,29
DA:102,16
DA:116,5
DA:117,10
DA:125,11
DA:126,22
DA:127,11
DA:128,11
DA:130,3
DA:139,10
DA:140,20
DA:141,33
DA:144,10
DA:147,22
DA:157,10
DA:158,20
DA:159,10
DA:160,10
DA:162,10
DA:163,10
DA:164,10
DA:165,10
DA:175,10
DA:180,20
DA:181,10
DA:182,10
DA:184,10
DA:185,10
DA:193,11
DA:194,12
DA:195,1
DA:197,11
DA:199,32
DA:201,17
DA:202,15
DA:207,27
DA:208,26
DA:209,26
DA:210,10
DA:211,5
DA:212,3
DA:215,3
DA:217,6
DA:218,4
DA:225,10
DA:226,10
DA:227,11
DA:228,0
DA:229,0
DA:231,0
DA:232,0
DA:235,7
DA:243,26
DA:244,24
DA:245,19
DA:246,12
DA:247,5
DA:248,5
DA:249,12
DA:251,12
DA:252,11
DA:255,1
DA:257,12
DA:262,20
DA:263,10
DA:264,1
DA:265,10
DA:266,10
DA:268,4
DA:269,5
DA:271,5
DA:273,7
DA:274,7
DA:279,8
DA:280,5
DA:281,0
DA:283,3
DA:284,6
DA:286,4
DA:288,8
DA:289,8
LF:108
LH:103
end_of_record
TN:
SF:/home/francois/hydradx/math/src/fee.rs
FN:4,calculate_pool_trade_fee
FNF:1
FNDA:6,calculate_pool_trade_fee
DA:4,6
DA:5,6
DA:6,6
DA:8,6
DA:9,3
DA:12,6
DA:13,1
DA:16,18
DA:17,11
DA:18,6
LF:10
LH:10
end_of_record
TN:
SF:/home/francois/hydradx/math/src/fraction.rs
FN:19,frac
FN:31,to_fixed
FN:41,from_fixed
FN:50,to_rational
FN:57,multiply_by_balance
FN:65,multiply_by_fixed
FNF:6
FNDA:2,frac
FNDA:1,to_fixed
FNDA:1,from_fixed
FNDA:0,to_rational
FNDA:12,multiply_by_balance
FNDA:1,multiply_by_fixed
DA:19,2
DA:20,5
DA:21,3
DA:24,5
DA:31,1
DA:32,2
DA:34,1
DA:41,1
DA:42,2
DA:44,1
DA:50,0
DA:51,0
DA:57,12
DA:58,22
DA:59,10
DA:65,1
DA:66,2
DA:68,1
LF:18
LH:16
end_of_record
TN:
SF:/home/francois/hydradx/math/src/lbp/lbp.rs
FN:27,calculate_spot_price
FN:66,calculate_out_given_in
FN:84,{closure#0}
FN:101,calculate_in_given_out
FN:131,calculate_linear_weights<u32>
FN:161,div_to_fixed
FN:167,mul_to_balance
FNF:7
FNDA:2,calculate_spot_price
FNDA:5,calculate_out_given_in
FNDA:11,{closure#0}
FNDA:3,calculate_in_given_out
FNDA:4,calculate_linear_weights<u32>
FNDA:3,div_to_fixed
FNDA:4,mul_to_balance
DA:27,2
DA:35,2
DA:37,2
DA:38,1
DA:41,2
DA:44,15
DA:46,2
DA:48,3
DA:49,4
DA:50,2
DA:52,2
DA:66,5
DA:73,7
DA:74,1
DA:77,14
DA:79,15
DA:82,14
DA:84,11
DA:86,7
DA:88,4
DA:101,3
DA:108,9
DA:110,19
DA:112,20
DA:114,14
DA:116,8
DA:118,8
DA:121,4
DA:131,4
DA:138,10
DA:139,10
DA:140,8
DA:142,10
DA:144,8
DA:145,8
DA:147,5
DA:149,4
DA:151,4
DA:152,8
DA:153,12
DA:154,4
DA:155,4
DA:157,8
DA:161,3
DA:162,10
DA:163,9
DA:167,4
DA:168,4
LF:48
LH:48
end_of_record
TN:
SF:/home/francois/hydradx/math/src/lib.rs
FN:73,{closure#0}
FN:80,{closure#3}<u64>
FNF:2
FNDA:14,{closure#0}
FNDA:0,{closure#3}<u64>
DA:73,14
DA:80,0
LF:2
LH:1
end_of_record
TN:
SF:/home/francois/hydradx/math/src/liquidity_mining/liquidity_mining.rs
FN:22,calculate_loyalty_multiplier<u32>
FN:27,{closure#0}<u32>
FN:44,calculate_accumulated_rps
FN:55,calculate_user_reward
FN:82,calculate_valued_shares
FN:89,calculate_global_farm_shares
FN:95,calculate_reward
FN:109,calculate_yield_farm_rewards
FN:128,calculate_global_farm_rewards<i32>
FNF:9
FNDA:6,calculate_loyalty_multiplier<u32>
FNDA:6,{closure#0}<u32>
FNDA:5,calculate_accumulated_rps
FNDA:7,calculate_user_reward
FNDA:1,calculate_valued_shares
FNDA:4,calculate_global_farm_shares
FNDA:4,calculate_reward
FNDA:4,calculate_yield_farm_rewards
FNDA:4,calculate_global_farm_rewards<i32>
DA:22,6
DA:27,6
DA:28,6
DA:31,24
DA:32,0
DA:33,6
DA:34,0
DA:35,6
DA:38,12
DA:40,6
DA:44,5
DA:49,6
DA:51,5
DA:55,7
DA:62,5
DA:64,7
DA:65,2
DA:68,9
DA:70,6
DA:72,12
DA:74,18
DA:76,5
DA:78,7
DA:82,1
DA:83,2
DA:85,1
DA:89,4
DA:90,4
DA:95,4
DA:100,14
DA:102,6
DA:104,7
DA:109,4
DA:115,4
DA:118,8
DA:121,8
DA:124,4
DA:128,4
DA:135,8
DA:136,0
DA:137,4
DA:139,8
DA:142,19
DA:143,4
DA:144,4
DA:145,5
DA:146,5
DA:147,5
DA:149,10
DA:151,10
DA:153,10
LF:51
LH:48
end_of_record
TN:
SF:/home/francois/hydradx/math/src/omnipool/math.rs
FN:17,amount_without_fee
FN:22,calculate_sell_state_changes
FN:34,{closure#0}
FN:81,calculate_imbalance_in_hub_swap
FN:97,calculate_sell_hub_state_changes
FN:153,calculate_buy_for_hub_asset_state_changes
FN:168,{closure#0}
FN:191,calculate_buy_state_changes
FN:257,calculate_add_liquidity_state_changes
FN:288,calculate_withdrawal_fee
FN:310,calculate_remove_liquidity_state_changes
FN:410,calculate_tvl
FN:422,calculate_delta_imbalance
FN:445,calculate_spot_sprice
FN:454,calculate_lrna_spot_sprice
FN:458,calculate_cap_difference
FN:473,calculate_tvl_cap_difference
FN:501,verify_asset_cap
FNF:18
FNDA:24,amount_without_fee
FNDA:20,calculate_sell_state_changes
FNDA:75,{closure#0}
FNDA:6,calculate_imbalance_in_hub_swap
FNDA:4,calculate_sell_hub_state_changes
FNDA:6,calculate_buy_for_hub_asset_state_changes
FNDA:13,{closure#0}
FNDA:18,calculate_buy_state_changes
FNDA:24,calculate_add_liquidity_state_changes
FNDA:15,calculate_withdrawal_fee
FNDA:11,calculate_remove_liquidity_state_changes
FNDA:1,calculate_tvl
FNDA:84,calculate_delta_imbalance
FNDA:0,calculate_spot_sprice
FNDA:0,calculate_lrna_spot_sprice
FNDA:1,calculate_cap_difference
FNDA:1,calculate_tvl_cap_difference
FNDA:1,verify_asset_cap
DA:17,24
DA:18,33
DA:22,20
DA:30,20
DA:32,50
DA:34,75
DA:36,50
DA:38,25
DA:40,50
DA:42,51
DA:43,25
DA:44,25
DA:48,78
DA:49,26
DA:50,78
DA:52,51
DA:53,53
DA:55,26
DA:57,26
DA:59,75
DA:61,28
DA:62,28
DA:63,26
DA:64,26
DA:65,26
DA:67,28
DA:68,28
DA:69,28
DA:70,28
DA:72,28
DA:74,28
DA:81,6
DA:86,6
DA:88,12
DA:90,12
DA:93,18
DA:97,4
DA:104,5
DA:107,10
DA:108,4
DA:109,13
DA:111,9
DA:112,9
DA:113,4
DA:115,14
DA:117,5
DA:118,5
DA:119,4
DA:120,5
DA:121,4
DA:123,4
DA:124,4
DA:126,5
DA:132,8
DA:133,6
DA:134,5
DA:136,6
DA:137,1
DA:140,6
DA:142,6
DA:143,0
DA:146,20
DA:147,0
DA:148,0
DA:149,5
DA:153,6
DA:160,6
DA:161,13
DA:163,7
DA:166,20
DA:167,6
DA:168,13
DA:171,13
DA:173,18
DA:175,5
DA:176,5
DA:177,5
DA:178,5
DA:179,5
DA:180,5
DA:182,6
DA:183,6
DA:185,5
DA:191,18
DA:199,18
DA:200,18
DA:203,53
DA:204,17
DA:205,52
DA:207,38
DA:208,38
DA:211,61
DA:212,18
DA:215,22
DA:216,2
DA:219,16
DA:222,49
DA:223,19
DA:224,61
DA:226,33
DA:227,35
DA:229,16
DA:231,16
DA:232,15
DA:234,48
DA:236,24
DA:237,16
DA:238,19
DA:239,16
DA:240,19
DA:242,16
DA:243,19
DA:244,16
DA:245,19
DA:247,22
DA:249,15
DA:257,24
DA:263,37
DA:265,24
DA:267,59
DA:269,71
DA:271,50
DA:273,59
DA:275,28
DA:276,16
DA:277,16
DA:278,28
DA:279,16
DA:280,28
DA:282,28
DA:283,16
DA:288,15
DA:293,12
DA:294,9
DA:296,4
DA:299,12
DA:300,23
DA:302,12
DA:303,1
DA:306,11
DA:310,11
DA:318,12
DA:319,16
DA:320,11
DA:322,18
DA:323,28
DA:325,33
DA:326,17
DA:327,13
DA:328,17
DA:329,16
DA:330,17
DA:331,14
DA:337,17
DA:338,17
DA:341,31
DA:344,19
DA:345,2
DA:348,4
DA:349,4
DA:351,13
DA:354,17
DA:356,44
DA:358,48
DA:359,47
DA:361,52
DA:363,50
DA:365,52
DA:367,34
DA:368,34
DA:369,34
DA:370,35
DA:371,35
DA:373,24
DA:379,4
DA:380,10
DA:381,10
DA:382,11
DA:384,16
DA:387,12
DA:390,16
DA:391,28
DA:392,29
DA:394,49
DA:396,20
DA:397,20
DA:398,20
DA:399,18
DA:400,20
DA:401,18
DA:403,18
DA:405,20
DA:406,18
DA:410,1
DA:411,1
DA:414,2
DA:416,4
DA:418,1
DA:422,84
DA:427,84
DA:428,101
DA:431,3
DA:433,0
DA:435,3
DA:438,9
DA:440,111
DA:442,3
DA:445,0
DA:449,0
DA:450,0
DA:451,0
DA:454,0
DA:455,0
DA:458,1
DA:463,1
DA:464,1
DA:465,2
DA:466,2
DA:467,1
DA:469,3
DA:473,1
DA:479,5
DA:481,1
DA:482,1
DA:484,1
DA:485,1
DA:487,2
DA:489,1
DA:490,1
DA:493,0
DA:495,1
DA:497,0
DA:501,1
DA:507,1
DA:509,1
DA:510,2
DA:512,1
LF:237
LH:225
end_of_record
TN:
SF:/home/francois/hydradx/math/src/omnipool/types.rs
FNF:0
DA:24,0
DA:25,0
DA:29,16
DA:30,19
DA:34,1
DA:35,2
DA:36,1
DA:37,2
DA:38,4
DA:39,5
DA:53,27
DA:54,28
DA:71,11
DA:72,3
DA:73,1
DA:74,2
DA:75,4
DA:76,3
DA:77,1
DA:79,2
DA:82,4
DA:83,5
DA:84,3
DA:86,2
DA:95,28
DA:96,28
DA:97,57
DA:98,1
DA:99,6
DA:100,6
DA:101,1
DA:103,3
DA:106,32
DA:107,69
DA:108,36
DA:110,31
DA:118,33
DA:119,33
DA:126,25
DA:127,53
DA:128,45
DA:138,38
DA:139,35
DA:140,36
DA:141,24
DA:216,17
DA:217,11
LF:47
LH:45
end_of_record
TN:
SF:/home/francois/hydradx/math/src/omnipool_subpools/math.rs
FN:10,convert_position
FN:35,create_subpool_initial_state
FN:63,calculate_asset_migration_details
FN:129,recalculate_protocol_shares
FNF:4
FNDA:1,convert_position
FNDA:0,create_subpool_initial_state
FNDA:0,calculate_asset_migration_details
FNDA:0,recalculate_protocol_shares
DA:10,1
DA:11,4
DA:13,1
DA:14,1
DA:18,4
DA:20,1
DA:21,1
DA:25,2
DA:26,2
DA:28,1
DA:31,1
DA:35,0
DA:39,0
DA:42,0
DA:43,0
DA:44,0
DA:46,0
DA:47,0
DA:48,0
DA:49,0
DA:55,0
DA:63,0
DA:68,0
DA:69,0
DA:71,0
DA:72,0
DA:73,0
DA:74,0
DA:75,0
DA:76,0
DA:78,0
DA:80,0
DA:81,0
DA:85,0
DA:88,0
DA:95,0
DA:97,0
DA:99,0
DA:101,0
DA:102,0
DA:103,0
DA:104,0
DA:108,0
DA:109,0
DA:110,0
DA:111,0
DA:112,0
DA:117,0
DA:118,0
DA:119,0
DA:120,0
DA:121,0
DA:124,0
DA:129,0
DA:130,0
DA:132,0
LF:56
LH:11
end_of_record
TN:
SF:/home/francois/hydradx/math/src/rate_limiter/math.rs
FN:8,calculate_deferred_duration
FN:19,calculate_new_accumulated_amount
FN:35,decay_accumulated_amount
FNF:3
FNDA:12,calculate_deferred_duration
FNDA:12,calculate_new_accumulated_amount
FNDA:11,decay_accumulated_amount
DA:8,12
DA:9,12
DA:11,12
DA:14,10
DA:19,12
DA:26,12
DA:35,11
DA:41,11
DA:44,14
LF:9
LH:9
end_of_record
TN:
SF:/home/francois/hydradx/math/src/ratio.rs
FN:71,from
FN:84,from
FN:90,from
FN:96,partial_cmp
FN:103,cmp
FN:120,fmt
FNF:6
FNDA:2,from
FNDA:19,from
FNDA:18,from
FNDA:11,partial_cmp
FNDA:11,cmp
FNDA:0,fmt
DA:17,67
DA:19,74
DA:24,3
DA:31,2
DA:32,2
DA:40,0
DA:41,0
DA:47,2
DA:48,2
DA:54,23
DA:55,25
DA:61,16
DA:62,32
DA:63,1
DA:65,16
DA:71,2
DA:72,1
DA:84,19
DA:85,19
DA:90,18
DA:91,9
DA:96,11
DA:97,11
DA:103,11
DA:104,11
DA:105,11
DA:106,3
DA:107,0
DA:108,3
DA:109,0
DA:111,3
DA:112,8
DA:113,7
DA:120,0
DA:121,0
DA:126,0
LF:36
LH:29
end_of_record
TN:
SF:/home/francois/hydradx/math/src/stableswap/math.rs
FN:23,calculate_out_given_in<128, 64>
FN:55,calculate_in_given_out<128, 64>
FN:85,calculate_out_given_in_with_fee<128, 64>
FN:100,calculate_in_given_out_with_fee<128, 64>
FN:115,calculate_shares<128>
FN:175,calculate_shares_for_amount<128>
FN:236,calculate_withdraw_one_asset<128, 64>
FN:319,calculate_add_one_asset<128, 64>
FN:402,calculate_ann
FN:409,calculate_y_given_in<128, 64>
FN:435,calculate_y_given_out<128, 64>
FN:572,calculate_amplification
FN:623,calculate_fee_amount
FN:630,normalize_reserves
FN:633,{closure#0}
FN:637,normalize_value
FN:658,calculate_share_prices<64>
FN:679,calculate_share_price<128>
FN:735,calculate_spot_price
FN:755,{closure#0}
FN:758,{closure#1}
FNF:21
FNDA:3,calculate_out_given_in<128, 64>
FNDA:8,calculate_in_given_out<128, 64>
FNDA:4,calculate_out_given_in_with_fee<128, 64>
FNDA:8,calculate_in_given_out_with_fee<128, 64>
FNDA:12,calculate_shares<128>
FNDA:3,calculate_shares_for_amount<128>
FNDA:12,calculate_withdraw_one_asset<128, 64>
FNDA:7,calculate_add_one_asset<128, 64>
FNDA:30,calculate_ann
FNDA:5,calculate_y_given_in<128, 64>
FNDA:9,calculate_y_given_out<128, 64>
FNDA:11,calculate_amplification
FNDA:7,calculate_fee_amount
FNDA:12,normalize_reserves
FNDA:25,{closure#0}
FNDA:12,normalize_value
FNDA:33,calculate_share_prices<64>
FNDA:39,calculate_share_price<128>
FNDA:2,calculate_spot_price
FNDA:6,{closure#0}
FNDA:6,{closure#1}
DA:23,3
DA:30,3
DA:31,1
DA:33,5
DA:36,0
DA:37,10
DA:38,0
DA:39,5
DA:41,7
DA:42,19
DA:44,0
DA:45,0
DA:46,14
DA:47,6
DA:49,8
DA:55,8
DA:62,8
DA:63,1
DA:65,7
DA:67,0
DA:68,16
DA:69,0
DA:70,9
DA:72,9
DA:73,26
DA:76,0
DA:77,0
DA:78,18
DA:79,9
DA:81,7
DA:85,4
DA:93,6
DA:94,4
DA:95,15
DA:96,4
DA:100,8
DA:108,8
DA:109,6
DA:110,22
DA:111,8
DA:115,12
DA:122,12
DA:123,1
DA:125,20
DA:126,12
DA:127,0
DA:129,51
DA:133,70
DA:134,35
DA:135,1
DA:137,36
DA:138,143
DA:139,35
DA:140,71
DA:142,35
DA:144,47
DA:145,10
DA:148,19
DA:149,9
DA:150,27
DA:151,19
DA:152,23
DA:153,11
DA:154,10
DA:155,0
DA:160,34
DA:162,68
DA:164,68
DA:166,34
DA:168,11
DA:169,31
DA:170,22
DA:175,3
DA:183,3
DA:184,3
DA:185,0
DA:187,3
DA:188,0
DA:190,3
DA:191,12
DA:192,3
DA:193,6
DA:195,18
DA:198,11
DA:199,14
DA:200,7
DA:202,3
DA:207,22
DA:208,21
DA:209,16
DA:210,15
DA:213,33
DA:214,10
DA:215,13
DA:216,9
DA:217,21
DA:218,6
DA:219,10
DA:220,0
DA:225,16
DA:226,21
DA:227,20
DA:228,0
DA:229,11
DA:230,14
DA:231,21
DA:236,12
DA:244,11
DA:245,1
DA:248,11
DA:249,1
DA:252,12
DA:253,1
DA:256,11
DA:257,11
DA:258,0
DA:260,23
DA:261,11
DA:263,22
DA:264,23
DA:265,12
DA:266,23
DA:268,23
DA:269,24
DA:271,11
DA:273,35
DA:276,36
DA:277,11
DA:280,38
DA:281,58
DA:282,6
DA:284,15
DA:285,19
DA:287,21
DA:288,22
DA:290,18
DA:293,11
DA:296,13
DA:297,40
DA:299,21
DA:301,11
DA:302,7
DA:304,9
DA:308,22
DA:309,22
DA:310,24
DA:311,36
DA:313,23
DA:314,12
DA:315,7
DA:319,7
DA:327,8
DA:328,0
DA:330,8
DA:331,0
DA:333,7
DA:334,0
DA:336,8
DA:337,8
DA:338,0
DA:341,16
DA:342,8
DA:344,16
DA:345,16
DA:347,8
DA:349,24
DA:352,19
DA:353,12
DA:356,18
DA:358,18
DA:359,18
DA:360,14
DA:361,18
DA:363,36
DA:364,4
DA:366,14
DA:367,18
DA:369,18
DA:370,32
DA:371,18
DA:373,18
DA:376,18
DA:377,36
DA:379,18
DA:381,8
DA:382,7
DA:384,14
DA:388,18
DA:389,14
DA:390,18
DA:391,25
DA:392,18
DA:393,14
DA:394,4
DA:396,22
DA:398,30
DA:399,49
DA:402,30
DA:405,28
DA:409,5
DA:416,5
DA:417,0
DA:420,12
DA:422,20
DA:424,25
DA:427,20
DA:428,21
DA:431,15
DA:435,9
DA:442,9
DA:443,0
DA:445,18
DA:449,27
DA:450,30
DA:453,28
DA:454,28
DA:457,19
DA:461,22
DA:462,27
DA:467,245
DA:468,85
DA:469,1
DA:471,87
DA:473,40
DA:474,87
DA:476,45
DA:477,126
DA:478,45
DA:481,75
DA:482,32
DA:485,47
DA:487,89
DA:489,28
DA:490,82
DA:492,157
DA:493,58
DA:496,407
DA:497,41
DA:498,72
DA:499,60
DA:500,0
DA:501,204
DA:502,60
DA:503,60
DA:504,108
DA:511,93
DA:513,86
DA:516,62
DA:520,0
DA:524,9
DA:528,79
DA:529,31
DA:530,0
DA:532,31
DA:534,14
DA:536,31
DA:538,8
DA:539,7
DA:540,48
DA:541,17
DA:543,17
DA:545,55
DA:546,15
DA:549,38
DA:551,38
DA:552,28
DA:554,56
DA:555,28
DA:556,98
DA:557,28
DA:558,28
DA:559,42
DA:560,42
DA:562,42
DA:565,28
DA:568,0
DA:572,11
DA:580,8
DA:581,5
DA:585,7
DA:586,2
DA:589,21
DA:594,7
DA:595,4
DA:597,3
DA:602,47
DA:603,47
DA:605,73
DA:609,47
DA:610,47
DA:612,22
DA:614,26
DA:623,7
DA:624,4
DA:625,7
DA:626,6
DA:630,12
DA:631,25
DA:633,25
DA:637,12
DA:638,21
DA:639,7
DA:641,6
DA:642,20
DA:645,11
DA:647,6
DA:648,3
DA:651,10
DA:652,5
DA:653,5
DA:658,33
DA:663,33
DA:664,33
DA:665,0
DA:668,66
DA:670,33
DA:672,99
DA:673,66
DA:674,66
DA:676,33
DA:679,39
DA:686,39
DA:687,39
DA:688,0
DA:690,107
DA:691,33
DA:693,6
DA:695,43
DA:697,199
DA:699,70
DA:700,78
DA:702,43
DA:704,78
DA:707,78
DA:709,36
DA:710,79
DA:711,79
DA:712,79
DA:714,79
DA:715,79
DA:719,79
DA:720,122
DA:721,36
DA:727,39
DA:728,0
DA:730,43
DA:732,36
DA:735,2
DA:741,2
DA:742,2
DA:743,0
DA:745,4
DA:747,2
DA:749,4
DA:750,2
DA:752,2
DA:754,2
DA:755,6
DA:756,6
DA:758,6
DA:760,4
DA:761,6
DA:763,4
DA:764,2
DA:765,2
LF:365
LH:336
end_of_record
TN:
SF:/home/francois/hydradx/math/src/stableswap/types.rs
FN:21,from
FN:26,from
FNF:2
FNDA:0,from
FNDA:33,from
DA:11,3
DA:15,2
DA:16,2
DA:21,0
DA:26,33
DA:27,33
LF:6
LH:5
end_of_record
TN:
SF:/home/francois/hydradx/math/src/staking/math.rs
FN:16,calculate_accumulated_rps
FN:34,calculate_slashed_points
FN:56,calculate_period_number
FN:71,calculate_points
FN:98,sigmoid
FN:112,calculate_rewards
FN:126,calculate_percentage_amount
FN:135,calculate_total_rewards
FNF:8
FNDA:3,calculate_accumulated_rps
FNDA:9,calculate_slashed_points
FNDA:13,calculate_period_number
FNDA:3,calculate_points
FNDA:4,sigmoid
FNDA:15,calculate_rewards
FNDA:4,calculate_percentage_amount
FNDA:3,calculate_total_rewards
DA:16,3
DA:21,27
DA:22,3
DA:34,9
DA:41,9
DA:42,18
DA:44,27
DA:56,13
DA:57,3
DA:71,3
DA:80,26
DA:82,4
DA:83,37
DA:85,38
DA:87,17
DA:98,4
DA:99,4
DA:100,11
DA:102,26
DA:104,4
DA:112,15
DA:117,15
DA:118,3
DA:126,4
DA:127,11
DA:135,3
LF:26
LH:26
end_of_record
TN:
SF:/home/francois/hydradx/math/src/support/rational.rs
FN:24,round_to_rational
FN:41,round_u512_to_rational
FNF:2
FNDA:82,round_to_rational
FNDA:16,round_u512_to_rational
DA:15,52
DA:16,43
DA:17,10
DA:18,40
DA:19,5
DA:24,82
DA:25,82
DA:26,91
DA:27,41
DA:28,41
DA:29,41
DA:30,41
DA:32,41
DA:33,41
DA:36,9
DA:38,41
DA:41,16
DA:42,16
DA:43,24
DA:44,1
DA:45,1
DA:46,1
DA:47,1
DA:49,1
DA:50,1
DA:53,8
DA:55,8
LF:27
LH:27
end_of_record
TN:
SF:/home/francois/hydradx/math/src/support/u128.rs
FN:7,checked_add_into
FN:17,checked_mul_into
FN:27,checked_div_inner
FN:35,checked_mul_inner
FNF:4
FNDA:1,checked_add_into
FNDA:1,checked_mul_into
FNDA:1,checked_div_inner
FNDA:1,checked_mul_inner
DA:7,1
DA:8,2
DA:9,1
DA:10,2
DA:17,1
DA:18,1
DA:19,1
DA:20,1
DA:27,1
DA:28,1
DA:35,1
DA:36,1
LF:12
LH:12
end_of_record
TN:
SF:/home/francois/hydradx/math/src/transcendental.rs
FN:25,rs<fixed::FixedU128<typenum::uint::UInt<typenum::uint::UInt<typenum::uint::UInt<typenum::uint::UInt<typenum::uint::UInt<typenum::uint::UInt<typenum::uint::UInt<typenum::uint::UTerm, typenum::bit::B1>, typenum::bit::B1>, typenum::bit::B0>, typenum::bit::B0>, typenum::bit::B0>, typenum::bit::B0>, typenum::bit::B0>>>
FN:34,log2_inner<fixed::FixedU128<typenum::uint::UInt<typenum::uint::UInt<typenum::uint::UInt<typenum::uint::UInt<typenum::uint::UInt<typenum::uint::UInt<typenum::uint::UInt<typenum::uint::UTerm, typenum::bit::B1>, typenum::bit::B1>, typenum::bit::B0>, typenum::bit::B0>, typenum::bit::B0>, typenum::bit::B0>, typenum::bit::B0>>, fixed::FixedU128<typenum::uint::UInt<typenum::uint::UInt<typenum::uint::UInt<typenum::uint::UInt<typenum::uint::UInt<typenum::uint::UInt<typenum::uint::UInt<typenum::uint::UTerm, typenum::bit::B1>, typenum::bit::B1>, typenum::bit::B0>, typenum::bit::B0>, typenum::bit::B0>, typenum::bit::B0>, typenum::bit::B0>>>
FN:68,log2<fixed::FixedU128<typenum::uint::UInt<typenum::uint::UInt<typenum::uint::UInt<typenum::uint::UInt<typenum::uint::UInt<typenum::uint::UInt<typenum::uint::UInt<typenum::uint::UTerm, typenum::bit::B1>, typenum::bit::B0>, typenum::bit::B0>, typenum::bit::B0>, typenum::bit::B0>, typenum::bit::B0>, typenum::bit::B0>>, fixed::FixedU128<typenum::uint::UInt<typenum::uint::UInt<typenum::uint::UInt<typenum::uint::UInt<typenum::uint::UInt<typenum::uint::UInt<typenum::uint::UInt<typenum::uint::UTerm, typenum::bit::B1>, typenum::bit::B0>, typenum::bit::B0>, typenum::bit::B0>, typenum::bit::B0>, typenum::bit::B0>, typenum::bit::B0>>>
FN:88,ln<fixed::FixedU128<typenum::uint::UInt<typenum::uint::UInt<typenum::uint::UInt<typenum::uint::UInt<typenum::uint::UInt<typenum::uint::UInt<typenum::uint::UInt<typenum::uint::UTerm, typenum::bit::B1>, typenum::bit::B1>, typenum::bit::B0>, typenum::bit::B0>, typenum::bit::B0>, typenum::bit::B0>, typenum::bit::B0>>, fixed::FixedU128<typenum::uint::UInt<typenum::uint::UInt<typenum::uint::UInt<typenum::uint::UInt<typenum::uint::UInt<typenum::uint::UInt<typenum::uint::UInt<typenum::uint::UTerm, typenum::bit::B1>, typenum::bit::B1>, typenum::bit::B0>, typenum::bit::B0>, typenum::bit::B0>, typenum::bit::B0>, typenum::bit::B0>>>
FN:102,exp<fixed::FixedU128<typenum::uint::UInt<typenum::uint::UInt<typenum::uint::UInt<typenum::uint::UInt<typenum::uint::UInt<typenum::uint::UInt<typenum::uint::UInt<typenum::uint::UTerm, typenum::bit::B1>, typenum::bit::B0>, typenum::bit::B0>, typenum::bit::B0>, typenum::bit::B0>, typenum::bit::B0>, typenum::bit::B0>>, fixed::FixedU128<typenum::uint::UInt<typenum::uint::UInt<typenum::uint::UInt<typenum::uint::UInt<typenum::uint::UInt<typenum::uint::UInt<typenum::uint::UInt<typenum::uint::UTerm, typenum::bit::B1>, typenum::bit::B0>, typenum::bit::B0>, typenum::bit::B0>, typenum::bit::B0>, typenum::bit::B0>, typenum::bit::B0>>>
FN:135,pow<fixed::FixedU128<typenum::uint::UInt<typenum::uint::UInt<typenum::uint::UInt<typenum::uint::UInt<typenum::uint::UInt<typenum::uint::UInt<typenum::uint::UInt<typenum::uint::UTerm, typenum::bit::B1>, typenum::bit::B1>, typenum::bit::B0>, typenum::bit::B0>, typenum::bit::B0>, typenum::bit::B0>, typenum::bit::B0>>, fixed::FixedU128<typenum::uint::UInt<typenum::uint::UInt<typenum::uint::UInt<typenum::uint::UInt<typenum::uint::UInt<typenum::uint::UInt<typenum::uint::UInt<typenum::uint::UTerm, typenum::bit::B1>, typenum::bit::B1>, typenum::bit::B0>, typenum::bit::B0>, typenum::bit::B0>, typenum::bit::B0>, typenum::bit::B0>>>
FN:163,powi<fixed::FixedU128<typenum::uint::UInt<typenum::uint::UInt<typenum::uint::UInt<typenum::uint::UInt<typenum::uint::UInt<typenum::uint::UInt<typenum::uint::UInt<typenum::uint::UTerm, typenum::bit::B1>, typenum::bit::B0>, typenum::bit::B0>, typenum::bit::B0>, typenum::bit::B0>, typenum::bit::B0>, typenum::bit::B0>>, fixed::FixedU128<typenum::uint::UInt<typenum::uint::UInt<typenum::uint::UInt<typenum::uint::UInt<typenum::uint::UInt<typenum::uint::UInt<typenum::uint::UInt<typenum::uint::UTerm, typenum::bit::B1>, typenum::bit::B0>, typenum::bit::B0>, typenum::bit::B0>, typenum::bit::B0>, typenum::bit::B0>, typenum::bit::B0>>>
FN:183,saturating_powi_high_precision<fixed::FixedU128<typenum::uint::UInt<typenum::uint::UInt<typenum::uint::UInt<typenum::uint::UInt<typenum::uint::UInt<typenum::uint::UInt<typenum::uint::UInt<typenum::uint::UTerm, typenum::bit::B1>, typenum::bit::B1>, typenum::bit::B1>, typenum::bit::B1>, typenum::bit::B1>, typenum::bit::B1>, typenum::bit::B1>>, fixed::FixedU128<typenum::uint::UInt<typenum::uint::UInt<typenum::uint::UInt<typenum::uint::UInt<typenum::uint::UInt<typenum::uint::UInt<typenum::uint::UInt<typenum::uint::UTerm, typenum::bit::B1>, typenum::bit::B1>, typenum::bit::B1>, typenum::bit::B1>, typenum::bit::B1>, typenum::bit::B1>, typenum::bit::B1>>>
FN:213,saturating_pow<fixed::FixedU128<typenum::uint::UInt<typenum::uint::UInt<typenum::uint::UInt<typenum::uint::UInt<typenum::uint::UInt<typenum::uint::UInt<typenum::uint::UInt<typenum::uint::UTerm, typenum::bit::B1>, typenum::bit::B1>, typenum::bit::B1>, typenum::bit::B1>, typenum::bit::B1>, typenum::bit::B1>, typenum::bit::B1>>>
FN:236,powi_near_one<fixed::FixedU128<typenum::uint::UInt<typenum::uint::UInt<typenum::uint::UInt<typenum::uint::UInt<typenum::uint::UInt<typenum::uint::UInt<typenum::uint::UInt<typenum::uint::UTerm, typenum::bit::B1>, typenum::bit::B1>, typenum::bit::B1>, typenum::bit::B1>, typenum::bit::B1>, typenum::bit::B1>, typenum::bit::B1>>>
FNF:10
FNDA:18,rs<fixed::FixedU128<typenum::uint::UInt<typenum::uint::UInt<typenum::uint::UInt<typenum::uint::UInt<typenum::uint::UInt<typenum::uint::UInt<typenum::uint::UInt<typenum::uint::UTerm, typenum::bit::B1>, typenum::bit::B1>, typenum::bit::B0>, typenum::bit::B0>, typenum::bit::B0>, typenum::bit::B0>, typenum::bit::B0>>>
FNDA:9,log2_inner<fixed::FixedU128<typenum::uint::UInt<typenum::uint::UInt<typenum::uint::UInt<typenum::uint::UInt<typenum::uint::UInt<typenum::uint::UInt<typenum::uint::UInt<typenum::uint::UTerm, typenum::bit::B1>, typenum::bit::B1>, typenum::bit::B0>, typenum::bit::B0>, typenum::bit::B0>, typenum::bit::B0>, typenum::bit::B0>>, fixed::FixedU128<typenum::uint::UInt<typenum::uint::UInt<typenum::uint::UInt<typenum::uint::UInt<typenum::uint::UInt<typenum::uint::UInt<typenum::uint::UInt<typenum::uint::UTerm, typenum::bit::B1>, typenum::bit::B1>, typenum::bit::B0>, typenum::bit::B0>, typenum::bit::B0>, typenum::bit::B0>, typenum::bit::B0>>>
FNDA:4,log2<fixed::FixedU128<typenum::uint::UInt<typenum::uint::UInt<typenum::uint::UInt<typenum::uint::UInt<typenum::uint::UInt<typenum::uint::UInt<typenum::uint::UInt<typenum::uint::UTerm, typenum::bit::B1>, typenum::bit::B0>, typenum::bit::B0>, typenum::bit::B0>, typenum::bit::B0>, typenum::bit::B0>, typenum::bit::B0>>, fixed::FixedU128<typenum::uint::UInt<typenum::uint::UInt<typenum::uint::UInt<typenum::uint::UInt<typenum::uint::UInt<typenum::uint::UInt<typenum::uint::UInt<typenum::uint::UTerm, typenum::bit::B1>, typenum::bit::B0>, typenum::bit::B0>, typenum::bit::B0>, typenum::bit::B0>, typenum::bit::B0>, typenum::bit::B0>>>
FNDA:3,ln<fixed::FixedU128<typenum::uint::UInt<typenum::uint::UInt<typenum::uint::UInt<typenum::uint::UInt<typenum::uint::UInt<typenum::uint::UInt<typenum::uint::UInt<typenum::uint::UTerm, typenum::bit::B1>, typenum::bit::B1>, typenum::bit::B0>, typenum::bit::B0>, typenum::bit::B0>, typenum::bit::B0>, typenum::bit::B0>>, fixed::FixedU128<typenum::uint::UInt<typenum::uint::UInt<typenum::uint::UInt<typenum::uint::UInt<typenum::uint::UInt<typenum::uint::UInt<typenum::uint::UInt<typenum::uint::UTerm, typenum::bit::B1>, typenum::bit::B1>, typenum::bit::B0>, typenum::bit::B0>, typenum::bit::B0>, typenum::bit::B0>, typenum::bit::B0>>>
FNDA:15,exp<fixed::FixedU128<typenum::uint::UInt<typenum::uint::UInt<typenum::uint::UInt<typenum::uint::UInt<typenum::uint::UInt<typenum::uint::UInt<typenum::uint::UInt<typenum::uint::UTerm, typenum::bit::B1>, typenum::bit::B0>, typenum::bit::B0>, typenum::bit::B0>, typenum::bit::B0>, typenum::bit::B0>, typenum::bit::B0>>, fixed::FixedU128<typenum::uint::UInt<typenum::uint::UInt<typenum::uint::UInt<typenum::uint::UInt<typenum::uint::UInt<typenum::uint::UInt<typenum::uint::UInt<typenum::uint::UTerm, typenum::bit::B1>, typenum::bit::B0>, typenum::bit::B0>, typenum::bit::B0>, typenum::bit::B0>, typenum::bit::B0>, typenum::bit::B0>>>
FNDA:10,pow<fixed::FixedU128<typenum::uint::UInt<typenum::uint::UInt<typenum::uint::UInt<typenum::uint::UInt<typenum::uint::UInt<typenum::uint::UInt<typenum::uint::UInt<typenum::uint::UTerm, typenum::bit::B1>, typenum::bit::B1>, typenum::bit::B0>, typenum::bit::B0>, typenum::bit::B0>, typenum::bit::B0>, typenum::bit::B0>>, fixed::FixedU128<typenum::uint::UInt<typenum::uint::UInt<typenum::uint::UInt<typenum::uint::UInt<typenum::uint::UInt<typenum::uint::UInt<typenum::uint::UInt<typenum::uint::UTerm, typenum::bit::B1>, typenum::bit::B1>, typenum::bit::B0>, typenum::bit::B0>, typenum::bit::B0>, typenum::bit::B0>, typenum::bit::B0>>>
FNDA:2,powi<fixed::FixedU128<typenum::uint::UInt<typenum::uint::UInt<typenum::uint::UInt<typenum::uint::UInt<typenum::uint::UInt<typenum::uint::UInt<typenum::uint::UInt<typenum::uint::UTerm, typenum::bit::B1>, typenum::bit::B0>, typenum::bit::B0>, typenum::bit::B0>, typenum::bit::B0>, typenum::bit::B0>, typenum::bit::B0>>, fixed::FixedU128<typenum::uint::UInt<typenum::uint::UInt<typenum::uint::UInt<typenum::uint::UInt<typenum::uint::UInt<typenum::uint::UInt<typenum::uint::UInt<typenum::uint::UTerm, typenum::bit::B1>, typenum::bit::B0>, typenum::bit::B0>, typenum::bit::B0>, typenum::bit::B0>, typenum::bit::B0>, typenum::bit::B0>>>
FNDA:12,saturating_powi_high_precision<fixed::FixedU128<typenum::uint::UInt<typenum::uint::UInt<typenum::uint::UInt<typenum::uint::UInt<typenum::uint::UInt<typenum::uint::UInt<typenum::uint::UInt<typenum::uint::UTerm, typenum::bit::B1>, typenum::bit::B1>, typenum::bit::B1>, typenum::bit::B1>, typenum::bit::B1>, typenum::bit::B1>, typenum::bit::B1>>, fixed::FixedU128<typenum::uint::UInt<typenum::uint::UInt<typenum::uint::UInt<typenum::uint::UInt<typenum::uint::UInt<typenum::uint::UInt<typenum::uint::UInt<typenum::uint::UTerm, typenum::bit::B1>, typenum::bit::B1>, typenum::bit::B1>, typenum::bit::B1>, typenum::bit::B1>, typenum::bit::B1>, typenum::bit::B1>>>
FNDA:13,saturating_pow<fixed::FixedU128<typenum::uint::UInt<typenum::uint::UInt<typenum::uint::UInt<typenum::uint::UInt<typenum::uint::UInt<typenum::uint::UInt<typenum::uint::UInt<typenum::uint::UTerm, typenum::bit::B1>, typenum::bit::B1>, typenum::bit::B1>, typenum::bit::B1>, typenum::bit::B1>, typenum::bit::B1>, typenum::bit::B1>>>
FNDA:4,powi_near_one<fixed::FixedU128<typenum::uint::UInt<typenum::uint::UInt<typenum::uint::UInt<typenum::uint::UInt<typenum::uint::UInt<typenum::uint::UInt<typenum::uint::UInt<typenum::uint::UTerm, typenum::bit::B1>, typenum::bit::B1>, typenum::bit::B1>, typenum::bit::B1>, typenum::bit::B1>, typenum::bit::B1>, typenum::bit::B1>>>
DA:25,18
DA:29,4
DA:30,15
DA:34,9
DA:40,14
DA:41,14
DA:42,14
DA:43,14
DA:45,8
DA:46,2
DA:47,2
DA:50,4
DA:51,3
DA:54,29
DA:55,3
DA:56,15
DA:57,20
DA:58,5
DA:59,3
DA:62,14
DA:68,4
DA:74,4
DA:75,1
DA:78,14
DA:79,14
DA:80,8
DA:81,8
DA:83,9
DA:88,3
DA:95,12
DA:96,7
DA:97,3
DA:102,15
DA:107,15
DA:108,2
DA:110,8
DA:111,1
DA:112,1
DA:115,4
DA:116,18
DA:117,5
DA:119,26
DA:121,28
DA:122,5
DA:123,41
DA:124,18
DA:127,22
DA:128,12
DA:131,4
DA:135,10
DA:142,10
DA:143,1
DA:144,15
DA:145,1
DA:146,16
DA:147,3
DA:150,17
DA:152,17
DA:153,20
DA:155,3
DA:156,11
DA:157,0
DA:159,4
DA:163,2
DA:168,2
DA:169,1
DA:170,2
DA:171,1
DA:172,2
DA:173,1
DA:175,2
DA:177,6
DA:179,2
DA:183,12
DA:190,12
DA:191,2
DA:192,12
DA:193,1
DA:194,12
DA:195,12
DA:202,24
DA:203,12
DA:205,12
DA:206,12
DA:207,3
DA:209,12
DA:213,13
DA:218,12
DA:219,0
DA:222,15
DA:224,12
DA:225,16
DA:226,54
DA:227,29
DA:228,13
DA:230,12
DA:232,14
DA:236,4
DA:241,5
DA:242,0
DA:243,4
DA:244,0
DA:246,4
DA:249,10
DA:250,10
DA:251,0
DA:254,5
DA:255,5
DA:256,5
DA:259,4
DA:260,15
DA:262,10
DA:263,10
DA:264,10
DA:265,20
DA:266,5
DA:268,14
DA:274,10
DA:275,5
DA:278,0
LF:120
LH:114
end_of_record
TN:
SF:/home/francois/hydradx/math/src/xyk/math.rs
FN:21,calculate_spot_price
FN:47,calculate_out_given_in
FN:75,calculate_in_given_out
FN:105,calculate_liquidity_in
FN:121,{closure#1}
FN:136,calculate_liquidity_out
FN:173,calculate_shares
FNF:7
FNDA:3,calculate_spot_price
FNDA:4,calculate_out_given_in
FNDA:4,calculate_in_given_out
FNDA:9,calculate_liquidity_in
FNDA:36,{closure#1}
FNDA:3,calculate_liquidity_out
FNDA:15,calculate_shares
DA:21,3
DA:22,3
DA:24,2
DA:25,3
DA:28,2
DA:30,12
DA:32,3
DA:34,3
DA:36,3
DA:47,4
DA:52,4
DA:53,1
DA:56,4
DA:58,5
DA:59,4
DA:61,5
DA:62,9
DA:64,5
DA:75,4
DA:80,4
DA:81,1
DA:83,4
DA:85,4
DA:87,6
DA:88,10
DA:89,5
DA:90,6
DA:92,4
DA:94,10
DA:105,9
DA:110,11
DA:112,9
DA:113,1
DA:116,11
DA:118,72
DA:120,54
DA:121,36
DA:122,18
DA:124,18
DA:136,3
DA:142,3
DA:144,3
DA:147,13
DA:149,3
DA:151,3
DA:153,8
DA:155,14
DA:157,3
DA:159,4
DA:161,8
DA:163,4
DA:173,15
DA:174,6
DA:175,1
DA:178,7
DA:180,32
DA:182,25
DA:184,15
LF:58
LH:58
end_of_record
TN:
SF:/home/francois/hydradx/node/src/chain_spec/hydradx.rs
FN:3,parachain_config
FNF:1
FNDA:0,parachain_config
DA:3,0
DA:4,0
LF:2
LH:0
end_of_record
TN:
SF:/home/francois/hydradx/node/src/chain_spec/local.rs
FN:6,parachain_config
FN:19,{closure#0}
FNF:2
FNDA:0,parachain_config
FNDA:0,{closure#0}
DA:6,0
DA:7,0
DA:9,0
DA:10,0
DA:11,0
DA:13,0
DA:18,0
DA:19,0
DA:20,0
DA:21,0
DA:23,0
DA:26,0
DA:28,0
DA:29,0
DA:32,0
DA:33,0
DA:37,0
DA:40,0
DA:41,0
DA:42,0
DA:43,0
DA:44,0
DA:45,0
DA:46,0
DA:48,0
DA:52,0
DA:56,0
DA:60,0
DA:64,0
DA:68,0
DA:73,0
DA:75,0
DA:76,0
DA:77,0
DA:78,0
DA:81,0
DA:83,0
DA:85,0
DA:86,0
DA:88,0
DA:89,0
DA:90,0
DA:94,0
DA:95,0
DA:97,0
DA:98,0
DA:99,0
DA:104,0
DA:106,0
DA:108,0
DA:109,0
DA:112,0
DA:113,0
DA:117,0
DA:119,0
DA:120,0
DA:121,0
DA:122,0
DA:125,0
DA:126,0
DA:127,0
DA:128,0
DA:129,0
DA:134,0
DA:136,0
DA:138,0
DA:140,0
DA:142,0
DA:144,0
DA:145,0
LF:70
LH:0
end_of_record
TN:
SF:/home/francois/hydradx/node/src/chain_spec/mod.rs
FN:88,get_account_id_from_seed<sp_core::sr25519::Public>
FN:96,parachain_genesis
FN:222,create_testnet_claims
FNF:3
FNDA:0,get_account_id_from_seed<sp_core::sr25519::Public>
FNDA:0,parachain_genesis
FNDA:0,create_testnet_claims
DA:70,0
DA:71,0
DA:79,0
DA:80,0
DA:88,0
DA:92,0
DA:96,0
DA:121,0
DA:126,0
DA:142,0
DA:143,0
DA:148,0
DA:152,0
DA:157,0
DA:161,0
DA:162,0
DA:177,0
DA:181,0
DA:195,0
DA:196,0
DA:201,0
DA:202,0
DA:203,0
DA:207,0
DA:208,0
DA:209,0
DA:211,0
DA:212,0
DA:213,0
DA:217,0
DA:218,0
DA:222,0
DA:223,0
DA:228,0
DA:231,0
DA:238,0
DA:241,0
DA:248,0
DA:251,0
DA:252,0
DA:255,0
DA:256,0
DA:257,0
DA:258,0
LF:44
LH:0
end_of_record
TN:
SF:/home/francois/hydradx/node/src/chain_spec/moonbase.rs
FN:6,parachain_config
FNF:1
FNDA:0,parachain_config
DA:6,0
DA:7,0
LF:2
LH:0
end_of_record
TN:
SF:/home/francois/hydradx/node/src/chain_spec/rococo.rs
FN:12,parachain_config
FN:16,_parachain_config_rococo
FN:28,{closure#0}
FNF:3
FNDA:0,parachain_config
FNDA:0,_parachain_config_rococo
FNDA:0,{closure#0}
DA:12,0
DA:13,0
DA:16,0
DA:17,0
DA:18,0
DA:19,0
DA:20,0
DA:22,0
DA:27,0
DA:28,0
DA:29,0
DA:30,0
DA:34,0
DA:37,0
DA:40,0
DA:41,0
DA:45,0
DA:46,0
DA:50,0
DA:51,0
DA:55,0
DA:56,0
DA:60,0
DA:61,0
DA:64,0
DA:67,0
DA:70,0
DA:75,0
DA:78,0
DA:80,0
DA:82,0
DA:84,0
DA:86,0
DA:88,0
DA:90,0
DA:91,0
DA:92,0
DA:95,0
DA:97,0
DA:99,0
DA:100,0
DA:102,0
DA:103,0
DA:105,0
DA:110,0
DA:111,0
DA:114,0
DA:117,0
DA:122,0
DA:123,0
DA:124,0
DA:125,0
DA:130,0
DA:132,0
DA:134,0
DA:136,0
DA:137,0
LF:57
LH:0
end_of_record
TN:
SF:/home/francois/hydradx/node/src/chain_spec/staging.rs
FN:12,parachain_config
FN:24,{closure#0}
FNF:2
FNDA:0,parachain_config
FNDA:0,{closure#0}
DA:12,0
DA:13,0
DA:14,0
DA:15,0
DA:16,0
DA:18,0
DA:23,0
DA:24,0
DA:25,0
DA:26,0
DA:30,0
DA:33,0
DA:36,0
DA:37,0
DA:41,0
DA:42,0
DA:46,0
DA:47,0
DA:51,0
DA:52,0
DA:56,0
DA:57,0
DA:60,0
DA:63,0
DA:66,0
DA:67,0
DA:70,0
DA:72,0
DA:74,0
DA:76,0
DA:78,0
DA:80,0
DA:82,0
DA:84,0
DA:85,0
DA:86,0
DA:87,0
DA:90,0
DA:92,0
DA:94,0
DA:95,0
DA:97,0
DA:98,0
DA:100,0
DA:105,0
DA:106,0
DA:109,0
DA:112,0
DA:117,0
DA:118,0
DA:119,0
DA:120,0
DA:125,0
DA:127,0
DA:129,0
DA:131,0
DA:132,0
LF:57
LH:0
end_of_record
TN:
SF:/home/francois/hydradx/node/src/cli.rs
FN:12,fmt
FNF:1
FNDA:0,fmt
DA:12,0
DA:13,0
DA:14,0
DA:69,0
DA:73,0
DA:74,0
DA:75,0
DA:77,0
DA:79,0
LF:9
LH:0
end_of_record
TN:
SF:/home/francois/hydradx/node/src/command.rs
FN:39,load_spec
FN:51,impl_name
FN:55,impl_version
FN:59,description
FN:63,author
FN:67,support_url
FN:71,copyright_start_year
FN:75,load_spec
FN:90,impl_name
FN:94,impl_version
FN:98,description
FN:102,author
FN:106,support_url
FN:110,copyright_start_year
FN:114,load_spec
FN:120,extract_genesis_wasm
FN:126,{closure#0}
FN:130,run
FN:178,{closure#0}
FN:285,{closure#0}
FN:299,{closure#1}
FN:310,{closure#2}
FN:315,{closure#3}
FN:329,{closure#4}
FN:337,p2p_listen_port
FN:341,rpc_listen_port
FN:345,prometheus_listen_port
FN:351,shared_params
FN:355,import_params
FN:359,network_params
FN:363,keystore_params
FN:367,base_path
FN:374,prometheus_config
FN:395,chain_id
FN:405,role
FN:409,transaction_pool
FN:413,rpc_methods
FN:417,rpc_cors
FN:421,default_heap_pages
FN:425,force_authoring
FN:429,disable_grandpa
FN:433,max_runtime_instances
FN:437,announce_block
FN:441,telemetry_endpoints
FNF:44
FNDA:0,load_spec
FNDA:0,impl_name
FNDA:0,impl_version
FNDA:0,description
FNDA:0,author
FNDA:0,support_url
FNDA:0,copyright_start_year
FNDA:0,load_spec
FNDA:0,impl_name
FNDA:0,impl_version
FNDA:0,description
FNDA:0,author
FNDA:0,support_url
FNDA:0,copyright_start_year
FNDA:0,load_spec
FNDA:0,extract_genesis_wasm
FNDA:0,{closure#0}
FNDA:0,run
FNDA:0,{closure#0}
FNDA:0,{closure#0}
FNDA:0,{closure#1}
FNDA:0,{closure#2}
FNDA:0,{closure#3}
FNDA:0,{closure#4}
FNDA:0,p2p_listen_port
FNDA:0,rpc_listen_port
FNDA:0,prometheus_listen_port
FNDA:0,shared_params
FNDA:0,import_params
FNDA:0,network_params
FNDA:0,keystore_params
FNDA:0,base_path
FNDA:0,prometheus_config
FNDA:0,chain_id
FNDA:0,role
FNDA:0,transaction_pool
FNDA:0,rpc_methods
FNDA:0,rpc_cors
FNDA:0,default_heap_pages
FNDA:0,force_authoring
FNDA:0,disable_grandpa
FNDA:0,max_runtime_instances
FNDA:0,announce_block
FNDA:0,telemetry_endpoints
DA:39,0
DA:40,0
DA:41,0
DA:42,0
DA:43,0
DA:44,0
DA:45,0
DA:46,0
DA:51,0
DA:52,0
DA:55,0
DA:56,0
DA:59,0
DA:60,0
DA:63,0
DA:64,0
DA:67,0
DA:68,0
DA:71,0
DA:75,0
DA:76,0
DA:78,0
DA:79,0
DA:80,0
DA:81,0
DA:82,0
DA:83,0
DA:84,0
DA:90,0
DA:91,0
DA:94,0
DA:95,0
DA:98,0
DA:99,0
DA:102,0
DA:103,0
DA:106,0
DA:107,0
DA:110,0
DA:114,0
DA:115,0
DA:120,0
DA:121,0
DA:123,0
DA:126,0
DA:130,0
DA:131,0
DA:133,0
DA:134,0
DA:135,0
DA:136,0
DA:138,0
DA:139,0
DA:140,0
DA:141,0
DA:142,0
DA:145,0
DA:146,0
DA:147,0
DA:148,0
DA:149,0
DA:152,0
DA:153,0
DA:154,0
DA:155,0
DA:156,0
DA:159,0
DA:160,0
DA:161,0
DA:162,0
DA:163,0
DA:166,0
DA:167,0
DA:168,0
DA:169,0
DA:171,0
DA:173,0
DA:177,0
DA:178,0
DA:180,0
DA:183,0
DA:184,0
DA:185,0
DA:186,0
DA:187,0
DA:190,0
DA:191,0
DA:193,0
DA:194,0
DA:196,0
DA:197,0
DA:203,0
DA:208,0
DA:209,0
DA:210,0
DA:213,0
DA:223,0
DA:225,0
DA:226,0
DA:230,0
DA:231,0
DA:232,0
DA:233,0
DA:235,0
DA:236,0
DA:238,0
DA:239,0
DA:240,0
DA:241,0
DA:243,0
DA:246,0
DA:247,0
DA:249,0
DA:252,0
DA:254,0
DA:255,0
DA:256,0
DA:257,0
DA:259,0
DA:261,0
DA:262,0
DA:264,0
DA:267,0
DA:268,0
DA:270,0
DA:273,0
DA:275,0
DA:277,0
DA:279,0
DA:280,0
DA:281,0
DA:284,0
DA:285,0
DA:286,0
DA:287,0
DA:291,0
DA:292,0
DA:293,0
DA:295,0
DA:298,0
DA:299,0
DA:302,0
DA:305,0
DA:307,0
DA:310,0
DA:311,0
DA:313,0
DA:314,0
DA:315,0
DA:317,0
DA:319,0
DA:320,0
DA:321,0
DA:322,0
DA:324,0
DA:327,0
DA:328,0
DA:329,0
DA:337,0
DA:341,0
DA:345,0
DA:351,0
DA:352,0
DA:355,0
DA:356,0
DA:359,0
DA:360,0
DA:363,0
DA:364,0
DA:367,0
DA:368,0
DA:370,0
DA:371,0
DA:374,0
DA:379,0
DA:395,0
DA:396,0
DA:398,0
DA:399,0
DA:401,0
DA:405,0
DA:406,0
DA:409,0
DA:410,0
DA:413,0
DA:414,0
DA:417,0
DA:418,0
DA:421,0
DA:422,0
DA:425,0
DA:426,0
DA:429,0
DA:430,0
DA:433,0
DA:434,0
DA:437,0
DA:438,0
DA:441,0
DA:442,0
DA:447,0
LF:201
LH:0
end_of_record
TN:
SF:/home/francois/hydradx/node/src/main.rs
FN:30,main
FNF:1
FNDA:0,main
DA:30,0
DA:31,0
LF:2
LH:0
end_of_record
TN:
SF:/home/francois/hydradx/node/src/rpc.rs
FN:102,create_full<sc_service::client::client::Client<sc_client_db::Backend<sp_runtime::generic::block::Block<sp_runtime::generic::header::Header<u32, sp_runtime::traits::BlakeTwo256>, sp_runtime::OpaqueExtrinsic>>, sc_service::client::call_executor::LocalCallExecutor<sp_runtime::generic::block::Block<sp_runtime::generic::header::Header<u32, sp_runtime::traits::BlakeTwo256>, sp_runtime::OpaqueExtrinsic>, sc_client_db::Backend<sp_runtime::generic::block::Block<sp_runtime::generic::header::Header<u32, sp_runtime::traits::BlakeTwo256>, sp_runtime::OpaqueExtrinsic>>, sc_executor::executor::NativeElseWasmExecutor<hydradx::service::HydraDXNativeExecutor>>, sp_runtime::generic::block::Block<sp_runtime::generic::header::Header<u32, sp_runtime::traits::BlakeTwo256>, sp_runtime::OpaqueExtrinsic>, hydradx_runtime::RuntimeApi>, sc_transaction_pool::BasicPool<sc_transaction_pool::api::FullChainApi<sc_service::client::client::Client<sc_client_db::Backend<sp_runtime::generic::block::Block<sp_runtime::generic::header::Header<u32, sp_runtime::traits::BlakeTwo256>, sp_runtime::OpaqueExtrinsic>>, sc_service::client::call_executor::LocalCallExecutor<sp_runtime::generic::block::Block<sp_runtime::generic::header::Header<u32, sp_runtime::traits::BlakeTwo256>, sp_runtime::OpaqueExtrinsic>, sc_client_db::Backend<sp_runtime::generic::block::Block<sp_runtime::generic::header::Header<u32, sp_runtime::traits::BlakeTwo256>, sp_runtime::OpaqueExtrinsic>>, sc_executor::executor::NativeElseWasmExecutor<hydradx::service::HydraDXNativeExecutor>>, sp_runtime::generic::block::Block<sp_runtime::generic::header::Header<u32, sp_runtime::traits::BlakeTwo256>, sp_runtime::OpaqueExtrinsic>, hydradx_runtime::RuntimeApi>, sp_runtime::generic::block::Block<sp_runtime::generic::header::Header<u32, sp_runtime::traits::BlakeTwo256>, sp_runtime::OpaqueExtrinsic>>, sp_runtime::generic::block::Block<sp_runtime::generic::header::Header<u32, sp_runtime::traits::BlakeTwo256>, sp_runtime::OpaqueExtrinsic>>>
FN:129,create<sc_service::client::client::Client<sc_client_db::Backend<sp_runtime::generic::block::Block<sp_runtime::generic::header::Header<u32, sp_runtime::traits::BlakeTwo256>, sp_runtime::OpaqueExtrinsic>>, sc_service::client::call_executor::LocalCallExecutor<sp_runtime::generic::block::Block<sp_runtime::generic::header::Header<u32, sp_runtime::traits::BlakeTwo256>, sp_runtime::OpaqueExtrinsic>, sc_client_db::Backend<sp_runtime::generic::block::Block<sp_runtime::generic::header::Header<u32, sp_runtime::traits::BlakeTwo256>, sp_runtime::OpaqueExtrinsic>>, sc_executor::executor::NativeElseWasmExecutor<hydradx::service::HydraDXNativeExecutor>>, sp_runtime::generic::block::Block<sp_runtime::generic::header::Header<u32, sp_runtime::traits::BlakeTwo256>, sp_runtime::OpaqueExtrinsic>, hydradx_runtime::RuntimeApi>, sc_client_db::Backend<sp_runtime::generic::block::Block<sp_runtime::generic::header::Header<u32, sp_runtime::traits::BlakeTwo256>, sp_runtime::OpaqueExtrinsic>>, sc_transaction_pool::BasicPool<sc_transaction_pool::api::FullChainApi<sc_service::client::client::Client<sc_client_db::Backend<sp_runtime::generic::block::Block<sp_runtime::generic::header::Header<u32, sp_runtime::traits::BlakeTwo256>, sp_runtime::OpaqueExtrinsic>>, sc_service::client::call_executor::LocalCallExecutor<sp_runtime::generic::block::Block<sp_runtime::generic::header::Header<u32, sp_runtime::traits::BlakeTwo256>, sp_runtime::OpaqueExtrinsic>, sc_client_db::Backend<sp_runtime::generic::block::Block<sp_runtime::generic::header::Header<u32, sp_runtime::traits::BlakeTwo256>, sp_runtime::OpaqueExtrinsic>>, sc_executor::executor::NativeElseWasmExecutor<hydradx::service::HydraDXNativeExecutor>>, sp_runtime::generic::block::Block<sp_runtime::generic::header::Header<u32, sp_runtime::traits::BlakeTwo256>, sp_runtime::OpaqueExtrinsic>, hydradx_runtime::RuntimeApi>, sp_runtime::generic::block::Block<sp_runtime::generic::header::Header<u32, sp_runtime::traits::BlakeTwo256>, sp_runtime::OpaqueExtrinsic>>, sp_runtime::generic::block::Block<sp_runtime::generic::header::Header<u32, sp_runtime::traits::BlakeTwo256>, sp_runtime::OpaqueExtrinsic>>, sc_transaction_pool::api::FullChainApi<sc_service::client::client::Client<sc_client_db::Backend<sp_runtime::generic::block::Block<sp_runtime::generic::header::Header<u32, sp_runtime::traits::BlakeTwo256>, sp_runtime::OpaqueExtrinsic>>, sc_service::client::call_executor::LocalCallExecutor<sp_runtime::generic::block::Block<sp_runtime::generic::header::Header<u32, sp_runtime::traits::BlakeTwo256>, sp_runtime::OpaqueExtrinsic>, sc_client_db::Backend<sp_runtime::generic::block::Block<sp_runtime::generic::header::Header<u32, sp_runtime::traits::BlakeTwo256>, sp_runtime::OpaqueExtrinsic>>, sc_executor::executor::NativeElseWasmExecutor<hydradx::service::HydraDXNativeExecutor>>, sp_runtime::generic::block::Block<sp_runtime::generic::header::Header<u32, sp_runtime::traits::BlakeTwo256>, sp_runtime::OpaqueExtrinsic>, hydradx_runtime::RuntimeApi>, sp_runtime::generic::block::Block<sp_runtime::generic::header::Header<u32, sp_runtime::traits::BlakeTwo256>, sp_runtime::OpaqueExtrinsic>>, hydradx_runtime::TransactionConverter, sp_runtime::generic::block::Block<sp_runtime::generic::header::Header<u32, sp_runtime::traits::BlakeTwo256>, sp_runtime::OpaqueExtrinsic>>
FNF:2
FNDA:0,create_full<sc_service::client::client::Client<sc_client_db::Backend<sp_runtime::generic::block::Block<sp_runtime::generic::header::Header<u32, sp_runtime::traits::BlakeTwo256>, sp_runtime::OpaqueExtrinsic>>, sc_service::client::call_executor::LocalCallExecutor<sp_runtime::generic::block::Block<sp_runtime::generic::header::Header<u32, sp_runtime::traits::BlakeTwo256>, sp_runtime::OpaqueExtrinsic>, sc_client_db::Backend<sp_runtime::generic::block::Block<sp_runtime::generic::header::Header<u32, sp_runtime::traits::BlakeTwo256>, sp_runtime::OpaqueExtrinsic>>, sc_executor::executor::NativeElseWasmExecutor<hydradx::service::HydraDXNativeExecutor>>, sp_runtime::generic::block::Block<sp_runtime::generic::header::Header<u32, sp_runtime::traits::BlakeTwo256>, sp_runtime::OpaqueExtrinsic>, hydradx_runtime::RuntimeApi>, sc_transaction_pool::BasicPool<sc_transaction_pool::api::FullChainApi<sc_service::client::client::Client<sc_client_db::Backend<sp_runtime::generic::block::Block<sp_runtime::generic::header::Header<u32, sp_runtime::traits::BlakeTwo256>, sp_runtime::OpaqueExtrinsic>>, sc_service::client::call_executor::LocalCallExecutor<sp_runtime::generic::block::Block<sp_runtime::generic::header::Header<u32, sp_runtime::traits::BlakeTwo256>, sp_runtime::OpaqueExtrinsic>, sc_client_db::Backend<sp_runtime::generic::block::Block<sp_runtime::generic::header::Header<u32, sp_runtime::traits::BlakeTwo256>, sp_runtime::OpaqueExtrinsic>>, sc_executor::executor::NativeElseWasmExecutor<hydradx::service::HydraDXNativeExecutor>>, sp_runtime::generic::block::Block<sp_runtime::generic::header::Header<u32, sp_runtime::traits::BlakeTwo256>, sp_runtime::OpaqueExtrinsic>, hydradx_runtime::RuntimeApi>, sp_runtime::generic::block::Block<sp_runtime::generic::header::Header<u32, sp_runtime::traits::BlakeTwo256>, sp_runtime::OpaqueExtrinsic>>, sp_runtime::generic::block::Block<sp_runtime::generic::header::Header<u32, sp_runtime::traits::BlakeTwo256>, sp_runtime::OpaqueExtrinsic>>>
FNDA:0,create<sc_service::client::client::Client<sc_client_db::Backend<sp_runtime::generic::block::Block<sp_runtime::generic::header::Header<u32, sp_runtime::traits::BlakeTwo256>, sp_runtime::OpaqueExtrinsic>>, sc_service::client::call_executor::LocalCallExecutor<sp_runtime::generic::block::Block<sp_runtime::generic::header::Header<u32, sp_runtime::traits::BlakeTwo256>, sp_runtime::OpaqueExtrinsic>, sc_client_db::Backend<sp_runtime::generic::block::Block<sp_runtime::generic::header::Header<u32, sp_runtime::traits::BlakeTwo256>, sp_runtime::OpaqueExtrinsic>>, sc_executor::executor::NativeElseWasmExecutor<hydradx::service::HydraDXNativeExecutor>>, sp_runtime::generic::block::Block<sp_runtime::generic::header::Header<u32, sp_runtime::traits::BlakeTwo256>, sp_runtime::OpaqueExtrinsic>, hydradx_runtime::RuntimeApi>, sc_client_db::Backend<sp_runtime::generic::block::Block<sp_runtime::generic::header::Header<u32, sp_runtime::traits::BlakeTwo256>, sp_runtime::OpaqueExtrinsic>>, sc_transaction_pool::BasicPool<sc_transaction_pool::api::FullChainApi<sc_service::client::client::Client<sc_client_db::Backend<sp_runtime::generic::block::Block<sp_runtime::generic::header::Header<u32, sp_runtime::traits::BlakeTwo256>, sp_runtime::OpaqueExtrinsic>>, sc_service::client::call_executor::LocalCallExecutor<sp_runtime::generic::block::Block<sp_runtime::generic::header::Header<u32, sp_runtime::traits::BlakeTwo256>, sp_runtime::OpaqueExtrinsic>, sc_client_db::Backend<sp_runtime::generic::block::Block<sp_runtime::generic::header::Header<u32, sp_runtime::traits::BlakeTwo256>, sp_runtime::OpaqueExtrinsic>>, sc_executor::executor::NativeElseWasmExecutor<hydradx::service::HydraDXNativeExecutor>>, sp_runtime::generic::block::Block<sp_runtime::generic::header::Header<u32, sp_runtime::traits::BlakeTwo256>, sp_runtime::OpaqueExtrinsic>, hydradx_runtime::RuntimeApi>, sp_runtime::generic::block::Block<sp_runtime::generic::header::Header<u32, sp_runtime::traits::BlakeTwo256>, sp_runtime::OpaqueExtrinsic>>, sp_runtime::generic::block::Block<sp_runtime::generic::header::Header<u32, sp_runtime::traits::BlakeTwo256>, sp_runtime::OpaqueExtrinsic>>, sc_transaction_pool::api::FullChainApi<sc_service::client::client::Client<sc_client_db::Backend<sp_runtime::generic::block::Block<sp_runtime::generic::header::Header<u32, sp_runtime::traits::BlakeTwo256>, sp_runtime::OpaqueExtrinsic>>, sc_service::client::call_executor::LocalCallExecutor<sp_runtime::generic::block::Block<sp_runtime::generic::header::Header<u32, sp_runtime::traits::BlakeTwo256>, sp_runtime::OpaqueExtrinsic>, sc_client_db::Backend<sp_runtime::generic::block::Block<sp_runtime::generic::header::Header<u32, sp_runtime::traits::BlakeTwo256>, sp_runtime::OpaqueExtrinsic>>, sc_executor::executor::NativeElseWasmExecutor<hydradx::service::HydraDXNativeExecutor>>, sp_runtime::generic::block::Block<sp_runtime::generic::header::Header<u32, sp_runtime::traits::BlakeTwo256>, sp_runtime::OpaqueExtrinsic>, hydradx_runtime::RuntimeApi>, sp_runtime::generic::block::Block<sp_runtime::generic::header::Header<u32, sp_runtime::traits::BlakeTwo256>, sp_runtime::OpaqueExtrinsic>>, hydradx_runtime::TransactionConverter, sp_runtime::generic::block::Block<sp_runtime::generic::header::Header<u32, sp_runtime::traits::BlakeTwo256>, sp_runtime::OpaqueExtrinsic>>
DA:102,0
DA:115,0
DA:116,0
DA:117,0
DA:118,0
DA:119,0
DA:120,0
DA:122,0
DA:123,0
DA:125,0
DA:129,0
DA:155,0
DA:156,0
DA:157,0
DA:158,0
DA:159,0
DA:160,0
DA:161,0
DA:162,0
DA:163,0
DA:164,0
DA:165,0
DA:166,0
DA:167,0
DA:168,0
DA:169,0
DA:170,0
DA:171,0
DA:172,0
DA:174,0
DA:175,0
DA:176,0
DA:179,0
DA:180,0
DA:184,0
DA:185,0
DA:196,0
DA:197,0
DA:199,0
DA:202,0
DA:203,0
DA:204,0
DA:205,0
DA:206,0
DA:207,0
DA:208,0
DA:209,0
DA:210,0
DA:211,0
DA:212,0
DA:213,0
DA:214,0
DA:215,0
DA:216,0
DA:217,0
DA:218,0
DA:219,0
DA:221,0
DA:224,0
DA:225,0
DA:226,0
DA:227,0
DA:228,0
DA:229,0
DA:231,0
DA:232,0
DA:234,0
DA:237,0
DA:238,0
DA:239,0
DA:240,0
DA:241,0
DA:242,0
DA:243,0
DA:244,0
DA:246,0
DA:249,0
DA:250,0
DA:251,0
DA:252,0
DA:254,0
DA:256,0
DA:259,0
DA:261,0
DA:265,0
DA:267,0
DA:268,0
DA:269,0
DA:270,0
DA:271,0
DA:272,0
DA:273,0
DA:274,0
DA:275,0
DA:276,0
DA:277,0
DA:278,0
DA:279,0
DA:280,0
DA:281,0
DA:282,0
LF:101
LH:0
end_of_record
TN:
SF:/home/francois/hydradx/node/src/service/evm.rs
FN:89,clone<sp_runtime::generic::block::Block<sp_runtime::generic::header::Header<u32, sp_runtime::traits::BlakeTwo256>, sp_runtime::OpaqueExtrinsic>, cumulus_client_consensus_common::ParachainBlockImport<sp_runtime::generic::block::Block<sp_runtime::generic::header::Header<u32, sp_runtime::traits::BlakeTwo256>, sp_runtime::OpaqueExtrinsic>, alloc::sync::Arc<sc_service::client::client::Client<sc_client_db::Backend<sp_runtime::generic::block::Block<sp_runtime::generic::header::Header<u32, sp_runtime::traits::BlakeTwo256>, sp_runtime::OpaqueExtrinsic>>, sc_service::client::call_executor::LocalCallExecutor<sp_runtime::generic::block::Block<sp_runtime::generic::header::Header<u32, sp_runtime::traits::BlakeTwo256>, sp_runtime::OpaqueExtrinsic>, sc_client_db::Backend<sp_runtime::generic::block::Block<sp_runtime::generic::header::Header<u32, sp_runtime::traits::BlakeTwo256>, sp_runtime::OpaqueExtrinsic>>, sc_executor::executor::NativeElseWasmExecutor<hydradx::service::HydraDXNativeExecutor>>, sp_runtime::generic::block::Block<sp_runtime::generic::header::Header<u32, sp_runtime::traits::BlakeTwo256>, sp_runtime::OpaqueExtrinsic>, hydradx_runtime::RuntimeApi>>, sc_client_db::Backend<sp_runtime::generic::block::Block<sp_runtime::generic::header::Header<u32, sp_runtime::traits::BlakeTwo256>, sp_runtime::OpaqueExtrinsic>>>, sc_service::client::client::Client<sc_client_db::Backend<sp_runtime::generic::block::Block<sp_runtime::generic::header::Header<u32, sp_runtime::traits::BlakeTwo256>, sp_runtime::OpaqueExtrinsic>>, sc_service::client::call_executor::LocalCallExecutor<sp_runtime::generic::block::Block<sp_runtime::generic::header::Header<u32, sp_runtime::traits::BlakeTwo256>, sp_runtime::OpaqueExtrinsic>, sc_client_db::Backend<sp_runtime::generic::block::Block<sp_runtime::generic::header::Header<u32, sp_runtime::traits::BlakeTwo256>, sp_runtime::OpaqueExtrinsic>>, sc_executor::executor::NativeElseWasmExecutor<hydradx::service::HydraDXNativeExecutor>>, sp_runtime::generic::block::Block<sp_runtime::generic::header::Header<u32, sp_runtime::traits::BlakeTwo256>, sp_runtime::OpaqueExtrinsic>, hydradx_runtime::RuntimeApi>>
FN:133,check_block<sp_runtime::generic::block::Block<sp_runtime::generic::header::Header<u32, sp_runtime::traits::BlakeTwo256>, sp_runtime::OpaqueExtrinsic>, cumulus_client_consensus_common::ParachainBlockImport<sp_runtime::generic::block::Block<sp_runtime::generic::header::Header<u32, sp_runtime::traits::BlakeTwo256>, sp_runtime::OpaqueExtrinsic>, alloc::sync::Arc<sc_service::client::client::Client<sc_client_db::Backend<sp_runtime::generic::block::Block<sp_runtime::generic::header::Header<u32, sp_runtime::traits::BlakeTwo256>, sp_runtime::OpaqueExtrinsic>>, sc_service::client::call_executor::LocalCallExecutor<sp_runtime::generic::block::Block<sp_runtime::generic::header::Header<u32, sp_runtime::traits::BlakeTwo256>, sp_runtime::OpaqueExtrinsic>, sc_client_db::Backend<sp_runtime::generic::block::Block<sp_runtime::generic::header::Header<u32, sp_runtime::traits::BlakeTwo256>, sp_runtime::OpaqueExtrinsic>>, sc_executor::executor::NativeElseWasmExecutor<hydradx::service::HydraDXNativeExecutor>>, sp_runtime::generic::block::Block<sp_runtime::generic::header::Header<u32, sp_runtime::traits::BlakeTwo256>, sp_runtime::OpaqueExtrinsic>, hydradx_runtime::RuntimeApi>>, sc_client_db::Backend<sp_runtime::generic::block::Block<sp_runtime::generic::header::Header<u32, sp_runtime::traits::BlakeTwo256>, sp_runtime::OpaqueExtrinsic>>>, sc_service::client::client::Client<sc_client_db::Backend<sp_runtime::generic::block::Block<sp_runtime::generic::header::Header<u32, sp_runtime::traits::BlakeTwo256>, sp_runtime::OpaqueExtrinsic>>, sc_service::client::call_executor::LocalCallExecutor<sp_runtime::generic::block::Block<sp_runtime::generic::header::Header<u32, sp_runtime::traits::BlakeTwo256>, sp_runtime::OpaqueExtrinsic>, sc_client_db::Backend<sp_runtime::generic::block::Block<sp_runtime::generic::header::Header<u32, sp_runtime::traits::BlakeTwo256>, sp_runtime::OpaqueExtrinsic>>, sc_executor::executor::NativeElseWasmExecutor<hydradx::service::HydraDXNativeExecutor>>, sp_runtime::generic::block::Block<sp_runtime::generic::header::Header<u32, sp_runtime::traits::BlakeTwo256>, sp_runtime::OpaqueExtrinsic>, hydradx_runtime::RuntimeApi>>
FN:147,db_config_dir
FN:151,spawn_frontier_tasks
FN:181,{closure#0}
FN:201,overrides_handle<sp_runtime::generic::block::Block<sp_runtime::generic::header::Header<u32, sp_runtime::traits::BlakeTwo256>, sp_runtime::OpaqueExtrinsic>, sc_service::client::client::Client<sc_client_db::Backend<sp_runtime::generic::block::Block<sp_runtime::generic::header::Header<u32, sp_runtime::traits::BlakeTwo256>, sp_runtime::OpaqueExtrinsic>>, sc_service::client::call_executor::LocalCallExecutor<sp_runtime::generic::block::Block<sp_runtime::generic::header::Header<u32, sp_runtime::traits::BlakeTwo256>, sp_runtime::OpaqueExtrinsic>, sc_client_db::Backend<sp_runtime::generic::block::Block<sp_runtime::generic::header::Header<u32, sp_runtime::traits::BlakeTwo256>, sp_runtime::OpaqueExtrinsic>>, sc_executor::executor::NativeElseWasmExecutor<hydradx::service::HydraDXNativeExecutor>>, sp_runtime::generic::block::Block<sp_runtime::generic::header::Header<u32, sp_runtime::traits::BlakeTwo256>, sp_runtime::OpaqueExtrinsic>, hydradx_runtime::RuntimeApi>, sc_client_db::Backend<sp_runtime::generic::block::Block<sp_runtime::generic::header::Header<u32, sp_runtime::traits::BlakeTwo256>, sp_runtime::OpaqueExtrinsic>>>
FNF:6
FNDA:0,clone<sp_runtime::generic::block::Block<sp_runtime::generic::header::Header<u32, sp_runtime::traits::BlakeTwo256>, sp_runtime::OpaqueExtrinsic>, cumulus_client_consensus_common::ParachainBlockImport<sp_runtime::generic::block::Block<sp_runtime::generic::header::Header<u32, sp_runtime::traits::BlakeTwo256>, sp_runtime::OpaqueExtrinsic>, alloc::sync::Arc<sc_service::client::client::Client<sc_client_db::Backend<sp_runtime::generic::block::Block<sp_runtime::generic::header::Header<u32, sp_runtime::traits::BlakeTwo256>, sp_runtime::OpaqueExtrinsic>>, sc_service::client::call_executor::LocalCallExecutor<sp_runtime::generic::block::Block<sp_runtime::generic::header::Header<u32, sp_runtime::traits::BlakeTwo256>, sp_runtime::OpaqueExtrinsic>, sc_client_db::Backend<sp_runtime::generic::block::Block<sp_runtime::generic::header::Header<u32, sp_runtime::traits::BlakeTwo256>, sp_runtime::OpaqueExtrinsic>>, sc_executor::executor::NativeElseWasmExecutor<hydradx::service::HydraDXNativeExecutor>>, sp_runtime::generic::block::Block<sp_runtime::generic::header::Header<u32, sp_runtime::traits::BlakeTwo256>, sp_runtime::OpaqueExtrinsic>, hydradx_runtime::RuntimeApi>>, sc_client_db::Backend<sp_runtime::generic::block::Block<sp_runtime::generic::header::Header<u32, sp_runtime::traits::BlakeTwo256>, sp_runtime::OpaqueExtrinsic>>>, sc_service::client::client::Client<sc_client_db::Backend<sp_runtime::generic::block::Block<sp_runtime::generic::header::Header<u32, sp_runtime::traits::BlakeTwo256>, sp_runtime::OpaqueExtrinsic>>, sc_service::client::call_executor::LocalCallExecutor<sp_runtime::generic::block::Block<sp_runtime::generic::header::Header<u32, sp_runtime::traits::BlakeTwo256>, sp_runtime::OpaqueExtrinsic>, sc_client_db::Backend<sp_runtime::generic::block::Block<sp_runtime::generic::header::Header<u32, sp_runtime::traits::BlakeTwo256>, sp_runtime::OpaqueExtrinsic>>, sc_executor::executor::NativeElseWasmExecutor<hydradx::service::HydraDXNativeExecutor>>, sp_runtime::generic::block::Block<sp_runtime::generic::header::Header<u32, sp_runtime::traits::BlakeTwo256>, sp_runtime::OpaqueExtrinsic>, hydradx_runtime::RuntimeApi>>
FNDA:0,check_block<sp_runtime::generic::block::Block<sp_runtime::generic::header::Header<u32, sp_runtime::traits::BlakeTwo256>, sp_runtime::OpaqueExtrinsic>, cumulus_client_consensus_common::ParachainBlockImport<sp_runtime::generic::block::Block<sp_runtime::generic::header::Header<u32, sp_runtime::traits::BlakeTwo256>, sp_runtime::OpaqueExtrinsic>, alloc::sync::Arc<sc_service::client::client::Client<sc_client_db::Backend<sp_runtime::generic::block::Block<sp_runtime::generic::header::Header<u32, sp_runtime::traits::BlakeTwo256>, sp_runtime::OpaqueExtrinsic>>, sc_service::client::call_executor::LocalCallExecutor<sp_runtime::generic::block::Block<sp_runtime::generic::header::Header<u32, sp_runtime::traits::BlakeTwo256>, sp_runtime::OpaqueExtrinsic>, sc_client_db::Backend<sp_runtime::generic::block::Block<sp_runtime::generic::header::Header<u32, sp_runtime::traits::BlakeTwo256>, sp_runtime::OpaqueExtrinsic>>, sc_executor::executor::NativeElseWasmExecutor<hydradx::service::HydraDXNativeExecutor>>, sp_runtime::generic::block::Block<sp_runtime::generic::header::Header<u32, sp_runtime::traits::BlakeTwo256>, sp_runtime::OpaqueExtrinsic>, hydradx_runtime::RuntimeApi>>, sc_client_db::Backend<sp_runtime::generic::block::Block<sp_runtime::generic::header::Header<u32, sp_runtime::traits::BlakeTwo256>, sp_runtime::OpaqueExtrinsic>>>, sc_service::client::client::Client<sc_client_db::Backend<sp_runtime::generic::block::Block<sp_runtime::generic::header::Header<u32, sp_runtime::traits::BlakeTwo256>, sp_runtime::OpaqueExtrinsic>>, sc_service::client::call_executor::LocalCallExecutor<sp_runtime::generic::block::Block<sp_runtime::generic::header::Header<u32, sp_runtime::traits::BlakeTwo256>, sp_runtime::OpaqueExtrinsic>, sc_client_db::Backend<sp_runtime::generic::block::Block<sp_runtime::generic::header::Header<u32, sp_runtime::traits::BlakeTwo256>, sp_runtime::OpaqueExtrinsic>>, sc_executor::executor::NativeElseWasmExecutor<hydradx::service::HydraDXNativeExecutor>>, sp_runtime::generic::block::Block<sp_runtime::generic::header::Header<u32, sp_runtime::traits::BlakeTwo256>, sp_runtime::OpaqueExtrinsic>, hydradx_runtime::RuntimeApi>>
FNDA:0,db_config_dir
FNDA:0,spawn_frontier_tasks
FNDA:0,{closure#0}
FNDA:0,overrides_handle<sp_runtime::generic::block::Block<sp_runtime::generic::header::Header<u32, sp_runtime::traits::BlakeTwo256>, sp_runtime::OpaqueExtrinsic>, sc_service::client::client::Client<sc_client_db::Backend<sp_runtime::generic::block::Block<sp_runtime::generic::header::Header<u32, sp_runtime::traits::BlakeTwo256>, sp_runtime::OpaqueExtrinsic>>, sc_service::client::call_executor::LocalCallExecutor<sp_runtime::generic::block::Block<sp_runtime::generic::header::Header<u32, sp_runtime::traits::BlakeTwo256>, sp_runtime::OpaqueExtrinsic>, sc_client_db::Backend<sp_runtime::generic::block::Block<sp_runtime::generic::header::Header<u32, sp_runtime::traits::BlakeTwo256>, sp_runtime::OpaqueExtrinsic>>, sc_executor::executor::NativeElseWasmExecutor<hydradx::service::HydraDXNativeExecutor>>, sp_runtime::generic::block::Block<sp_runtime::generic::header::Header<u32, sp_runtime::traits::BlakeTwo256>, sp_runtime::OpaqueExtrinsic>, hydradx_runtime::RuntimeApi>, sc_client_db::Backend<sp_runtime::generic::block::Block<sp_runtime::generic::header::Header<u32, sp_runtime::traits::BlakeTwo256>, sp_runtime::OpaqueExtrinsic>>>
DA:89,0
DA:91,0
DA:92,0
DA:93,0
DA:94,0
DA:109,0
DA:133,0
DA:134,0
DA:137,0
DA:138,0
DA:139,0
DA:141,0
DA:147,0
DA:148,0
DA:151,0
DA:165,0
DA:167,0
DA:168,0
DA:169,0
DA:170,0
DA:171,0
DA:172,0
DA:173,0
DA:174,0
DA:177,0
DA:178,0
DA:179,0
DA:181,0
DA:187,0
DA:189,0
DA:190,0
DA:194,0
DA:196,0
DA:197,0
DA:201,0
DA:210,0
DA:211,0
DA:212,0
DA:213,0
DA:215,0
DA:216,0
DA:217,0
DA:219,0
DA:220,0
DA:221,0
DA:224,0
DA:225,0
DA:226,0
LF:48
LH:0
end_of_record
TN:
SF:/home/francois/hydradx/node/src/service.rs
FN:62,dispatch
FN:66,native_version
FN:83,new_partial
FN:106,{closure#0}
FN:107,{closure#1}
FN:116,{closure#2}
FN:132,{closure#3}
FN:138,{closure#4}
FN:140,{closure#5}
FN:160,{closure#6}
FN:173,{closure#7}
FN:231,{closure#0}
FN:266,{closure#1}
FN:305,{closure#2}
FN:393,{closure#3}
FN:400,{closure#4}
FN:424,{closure#5}
FN:444,build_import_queue
FN:463,{closure#0}
FN:475,start_consensus
FN:516,{closure#0}
FN:540,start_node
FNF:22
FNDA:0,dispatch
FNDA:0,native_version
FNDA:0,new_partial
FNDA:0,{closure#0}
FNDA:0,{closure#1}
FNDA:0,{closure#2}
FNDA:0,{closure#3}
FNDA:0,{closure#4}
FNDA:0,{closure#5}
FNDA:0,{closure#6}
FNDA:0,{closure#7}
FNDA:0,{closure#0}
FNDA:0,{closure#1}
FNDA:0,{closure#2}
FNDA:0,{closure#3}
FNDA:0,{closure#4}
FNDA:0,{closure#5}
FNDA:0,build_import_queue
FNDA:0,{closure#0}
FNDA:0,start_consensus
FNDA:0,{closure#0}
FNDA:0,start_node
DA:62,0
DA:63,0
DA:66,0
DA:67,0
DA:83,0
DA:103,0
DA:106,0
DA:107,0
DA:108,0
DA:109,0
DA:110,0
DA:114,0
DA:116,0
DA:117,0
DA:120,0
DA:122,0
DA:123,0
DA:124,0
DA:128,0
DA:132,0
DA:133,0
DA:136,0
DA:138,0
DA:140,0
DA:141,0
DA:142,0
DA:146,0
DA:147,0
DA:148,0
DA:149,0
DA:150,0
DA:153,0
DA:154,0
DA:155,0
DA:156,0
DA:159,0
DA:160,0
DA:163,0
DA:164,0
DA:165,0
DA:170,0
DA:171,0
DA:173,0
DA:177,0
DA:178,0
DA:180,0
DA:181,0
DA:182,0
DA:183,0
DA:184,0
DA:185,0
DA:186,0
DA:188,0
DA:189,0
DA:190,0
DA:191,0
DA:192,0
DA:193,0
DA:211,0
DA:213,0
DA:214,0
DA:216,0
DA:218,0
DA:219,0
DA:220,0
DA:223,0
DA:224,0
DA:225,0
DA:226,0
DA:227,0
DA:228,0
DA:230,0
DA:231,0
DA:233,0
DA:234,0
DA:235,0
DA:236,0
DA:238,0
DA:240,0
DA:241,0
DA:242,0
DA:243,0
DA:244,0
DA:245,0
DA:246,0
DA:247,0
DA:248,0
DA:250,0
DA:252,0
DA:255,0
DA:258,0
DA:259,0
DA:260,0
DA:261,0
DA:262,0
DA:263,0
DA:264,0
DA:266,0
DA:268,0
DA:273,0
DA:274,0
DA:275,0
DA:276,0
DA:277,0
DA:278,0
DA:279,0
DA:288,0
DA:291,0
DA:294,0
DA:295,0
DA:296,0
DA:297,0
DA:298,0
DA:299,0
DA:300,0
DA:301,0
DA:302,0
DA:303,0
DA:305,0
DA:306,0
DA:307,0
DA:308,0
DA:312,0
DA:313,0
DA:314,0
DA:315,0
DA:316,0
DA:317,0
DA:318,0
DA:319,0
DA:320,0
DA:321,0
DA:322,0
DA:323,0
DA:324,0
DA:325,0
DA:326,0
DA:327,0
DA:328,0
DA:329,0
DA:331,0
DA:332,0
DA:333,0
DA:334,0
DA:335,0
DA:341,0
DA:342,0
DA:343,0
DA:344,0
DA:345,0
DA:346,0
DA:347,0
DA:348,0
DA:349,0
DA:350,0
DA:351,0
DA:352,0
DA:353,0
DA:357,0
DA:358,0
DA:359,0
DA:360,0
DA:361,0
DA:362,0
DA:363,0
DA:364,0
DA:365,0
DA:366,0
DA:369,0
DA:370,0
DA:374,0
DA:375,0
DA:381,0
DA:382,0
DA:383,0
DA:385,0
DA:386,0
DA:392,0
DA:393,0
DA:396,0
DA:398,0
DA:400,0
DA:402,0
DA:403,0
DA:404,0
DA:405,0
DA:406,0
DA:407,0
DA:408,0
DA:409,0
DA:411,0
DA:413,0
DA:415,0
DA:416,0
DA:419,0
DA:421,0
DA:422,0
DA:423,0
DA:424,0
DA:425,0
DA:426,0
DA:427,0
DA:428,0
DA:429,0
DA:431,0
DA:432,0
DA:433,0
DA:434,0
DA:438,0
DA:440,0
DA:444,0
DA:451,0
DA:454,0
DA:461,0
DA:462,0
DA:463,0
DA:464,0
DA:465,0
DA:468,0
DA:469,0
DA:470,0
DA:475,0
DA:496,0
DA:499,0
DA:500,0
DA:501,0
DA:503,0
DA:506,0
DA:509,0
DA:510,0
DA:511,0
DA:512,0
DA:516,0
DA:530,0
DA:533,0
DA:534,0
DA:536,0
DA:540,0
DA:556,0
LF:239
LH:0
end_of_record
TN:
SF:/home/francois/hydradx/pallets/asset-registry/src/lib.rs
FN:185,pallet_prefix<pallet_asset_registry::tests::mock::Test>
FN:190,pallet_prefix<pallet_asset_registry::tests::mock::Test>
FN:194,pallet_prefix<pallet_asset_registry::tests::mock::Test>
FN:200,pallet_prefix<pallet_asset_registry::tests::mock::Test>
FN:206,pallet_prefix<pallet_asset_registry::tests::mock::Test>
FN:211,pallet_prefix<pallet_asset_registry::tests::mock::Test>
FN:702,register_asset<pallet_asset_registry::tests::mock::Test>
FN:726,get_or_register_asset<pallet_asset_registry::tests::mock::Test>
FNF:8
FNDA:145,pallet_prefix<pallet_asset_registry::tests::mock::Test>
FNDA:50,pallet_prefix<pallet_asset_registry::tests::mock::Test>
FNDA:170,pallet_prefix<pallet_asset_registry::tests::mock::Test>
FNDA:46,pallet_prefix<pallet_asset_registry::tests::mock::Test>
FNDA:7,pallet_prefix<pallet_asset_registry::tests::mock::Test>
FNDA:88,pallet_prefix<pallet_asset_registry::tests::mock::Test>
FNDA:4,register_asset<pallet_asset_registry::tests::mock::Test>
FNDA:28,get_or_register_asset<pallet_asset_registry::tests::mock::Test>
DA:59,815
DA:122,3
DA:123,3
DA:124,3
DA:181,25
DA:182,25
DA:185,145
DA:190,50
DA:194,170
DA:200,46
DA:206,7
DA:211,88
DA:217,2
DA:242,45
DA:244,32
DA:245,66
DA:247,72
DA:254,49
DA:255,98
DA:258,49
DA:259,49
DA:260,35
DA:261,49
DA:262,49
DA:263,49
DA:264,49
DA:265,98
DA:266,49
DA:267,0
DA:270,49
DA:272,49
DA:273,68
DA:274,34
DA:275,34
DA:276,34
DA:277,34
DA:278,34
DA:279,34
DA:280,34
DA:281,34
DA:283,54
DA:287,33
DA:358,0
DA:370,8
DA:373,6
DA:374,12
DA:375,12
DA:376,6
DA:377,12
DA:378,12
DA:379,6
DA:382,9
DA:383,2
DA:398,0
DA:410,16
DA:411,5
DA:412,4
DA:415,14
DA:416,9
DA:419,11
DA:421,19
DA:422,16
DA:424,16
DA:425,12
DA:427,6
DA:428,6
DA:431,9
DA:432,3
DA:436,24
DA:437,4
DA:438,8
DA:439,4
DA:440,17
DA:442,4
DA:443,11
DA:446,3
DA:447,3
DA:450,11
DA:451,9
DA:452,2
DA:455,6
DA:456,2
DA:460,11
DA:462,8
DA:464,4
DA:465,2
DA:467,16
DA:470,6
DA:471,2
DA:472,4
DA:473,4
DA:474,6
DA:475,3
DA:476,5
DA:477,4
DA:478,2
DA:481,2
DA:488,0
DA:489,4
DA:492,2
DA:493,2
DA:494,2
DA:497,2
DA:502,0
DA:503,2
DA:505,4
DA:507,3
DA:508,3
DA:509,1
DA:512,2
DA:514,3
DA:515,2
DA:520,0
DA:521,1
DA:523,2
DA:525,1
DA:527,1
DA:528,1
DA:534,36
DA:535,65
DA:536,5
DA:538,5
DA:539,10
DA:540,1
DA:543,35
DA:546,8
DA:547,8
DA:550,23
DA:551,48
DA:552,46
DA:553,1
DA:556,21
DA:557,20
DA:559,19
DA:561,21
DA:570,98
DA:572,157
DA:573,98
DA:575,71
DA:577,35
DA:579,66
DA:580,46
DA:581,94
DA:582,20
DA:583,22
DA:585,127
DA:586,21
DA:587,24
DA:591,29
DA:592,63
DA:593,86
DA:594,86
DA:595,86
DA:598,40
DA:599,49
DA:602,65
DA:603,64
DA:604,20
DA:605,64
DA:606,20
DA:607,64
DA:608,22
DA:609,65
DA:610,22
DA:613,21
DA:617,1
DA:618,1
DA:622,1
DA:623,1
DA:631,18
DA:632,18
DA:633,18
DA:636,0
DA:646,1
DA:647,3
DA:655,2
DA:656,2
DA:657,2
DA:658,1
DA:662,19
DA:663,19
DA:666,2
DA:667,6
DA:670,2
DA:671,6
DA:674,2
DA:675,2
DA:678,2
DA:679,10
DA:682,2
DA:683,10
DA:690,19
DA:691,39
DA:693,40
DA:702,4
DA:714,4
DA:715,5
DA:716,5
DA:717,5
DA:718,0
DA:719,0
DA:720,0
DA:723,5
DA:726,28
DA:737,59
DA:738,3
DA:739,0
DA:741,5
DA:742,31
DA:743,31
DA:744,5
DA:745,0
DA:746,0
DA:747,0
DA:750,31
LF:215
LH:201
end_of_record
TN:
SF:/home/francois/hydradx/pallets/asset-registry/src/migration.rs
FN:59,pallet_prefix<hydradx_runtime::Runtime>
FN:68,pallet_prefix<hydradx_runtime::Runtime>
FN:77,pallet_prefix<hydradx_runtime::Runtime>
FN:91,from
FN:92,from
FNF:5
FNDA:0,pallet_prefix<hydradx_runtime::Runtime>
FNDA:0,pallet_prefix<hydradx_runtime::Runtime>
FNDA:0,pallet_prefix<hydradx_runtime::Runtime>
FNDA:0,from
FNDA:0,from
DA:59,0
DA:68,0
DA:77,0
DA:91,0
DA:92,0
DA:93,0
DA:94,0
DA:95,0
DA:96,0
DA:97,0
DA:98,0
DA:102,0
DA:103,0
DA:105,0
DA:106,0
DA:111,0
DA:112,0
DA:113,0
DA:117,0
DA:118,0
DA:122,0
DA:123,0
DA:125,0
DA:126,0
DA:127,0
DA:128,0
DA:130,0
DA:131,0
DA:132,0
DA:133,0
DA:134,0
DA:136,0
DA:139,0
DA:140,0
DA:141,0
DA:142,0
DA:143,0
DA:144,0
DA:145,0
DA:146,0
DA:147,0
DA:149,0
DA:153,0
DA:155,0
DA:156,0
DA:158,0
DA:159,0
DA:160,0
DA:161,0
DA:162,0
DA:163,0
DA:168,0
DA:169,0
DA:171,0
DA:172,0
DA:176,0
DA:177,0
DA:178,0
DA:180,0
DA:182,0
DA:183,0
DA:184,0
DA:188,0
DA:189,0
DA:192,0
DA:193,0
DA:194,0
DA:197,0
DA:198,0
DA:201,0
DA:203,0
DA:205,0
DA:206,0
LF:73
LH:0
end_of_record
TN:
SF:/home/francois/hydradx/pallets/asset-registry/src/types.rs
FN:41,from
FN:53,from
FNF:2
FNDA:6,from
FNDA:2,from
DA:41,6
DA:42,6
DA:43,2
DA:44,5
DA:45,1
DA:46,2
DA:47,2
DA:53,2
DA:54,2
DA:55,2
DA:56,2
DA:57,1
DA:58,2
DA:59,2
DA:91,3
LF:15
LH:15
end_of_record
TN:
SF:/home/francois/hydradx/pallets/asset-registry/src/weights.rs
FN:134,register
FN:148,update
FN:164,register_external
FN:175,ban_asset
FN:183,unban_asset
FNF:5
FNDA:0,register
FNDA:0,update
FNDA:0,register_external
FNDA:0,ban_asset
FNDA:0,unban_asset
DA:68,0
DA:70,0
DA:71,0
DA:72,0
DA:82,0
DA:84,0
DA:85,0
DA:86,0
DA:98,0
DA:100,0
DA:101,0
DA:102,0
DA:109,0
DA:111,0
DA:112,0
DA:113,0
DA:117,0
DA:119,0
DA:120,0
DA:121,0
DA:134,0
DA:136,0
DA:137,0
DA:138,0
DA:148,0
DA:150,0
DA:151,0
DA:152,0
DA:164,0
DA:166,0
DA:167,0
DA:168,0
DA:175,0
DA:177,0
DA:178,0
DA:179,0
DA:183,0
DA:185,0
DA:186,0
DA:187,0
LF:40
LH:0
end_of_record
TN:
SF:/home/francois/hydradx/pallets/bonds/src/lib.rs
FN:76,{closure#0}<pallet_bonds::tests::mock::Test>
FN:136,pallet_prefix<pallet_bonds::tests::mock::Test>
FN:142,pallet_prefix<pallet_bonds::tests::mock::Test>
FNF:3
FNDA:620,{closure#0}<pallet_bonds::tests::mock::Test>
FNDA:32,pallet_prefix<pallet_bonds::tests::mock::Test>
FNDA:8,pallet_prefix<pallet_bonds::tests::mock::Test>
DA:76,620
DA:136,32
DA:142,8
DA:217,0
DA:218,11
DA:220,21
DA:221,2
DA:222,23
DA:224,2
DA:227,38
DA:228,19
DA:229,19
DA:231,38
DA:232,2
DA:233,0
DA:235,39
DA:237,36
DA:238,17
DA:240,18
DA:241,18
DA:242,18
DA:243,18
DA:244,18
DA:245,18
DA:246,18
DA:247,18
DA:250,18
DA:251,18
DA:253,18
DA:254,1
DA:255,36
DA:256,0
DA:257,36
DA:260,19
DA:264,38
DA:265,34
DA:266,17
DA:268,17
DA:269,17
DA:270,17
DA:271,0
DA:272,0
DA:275,17
DA:292,0
DA:293,1
DA:295,3
DA:297,20
DA:298,11
DA:300,19
DA:302,11
DA:303,12
DA:305,7
DA:307,7
DA:317,19
DA:318,17
DA:322,2
DA:323,2
DA:325,4
DA:326,2
DA:327,2
DA:329,2
DA:332,2
DA:333,4
DA:334,2
DA:335,0
DA:336,0
LF:66
LH:58
end_of_record
TN:
SF:/home/francois/hydradx/pallets/bonds/src/weights.rs
FN:142,issue
FN:165,redeem
FNF:2
FNDA:0,issue
FNDA:0,redeem
DA:84,0
DA:89,0
DA:90,0
DA:91,0
DA:107,0
DA:112,0
DA:113,0
DA:114,0
DA:142,0
DA:147,0
DA:148,0
DA:149,0
DA:165,0
DA:170,0
DA:171,0
DA:172,0
LF:16
LH:0
end_of_record
TN:
SF:/home/francois/hydradx/pallets/circuit-breaker/src/benchmarking.rs
FNF:0
DA:27,0
DA:29,0
DA:30,0
DA:31,0
DA:32,0
DA:35,0
DA:36,0
DA:37,0
DA:38,0
DA:41,0
DA:42,0
DA:43,0
DA:44,0
LF:13
LH:0
end_of_record
TN:
SF:/home/francois/hydradx/pallets/circuit-breaker/src/lib.rs
FN:245,pallet_prefix<pallet_circuit_breaker::tests::mock::Test>
FN:252,pallet_prefix<pallet_circuit_breaker::tests::mock::Test>
FN:264,pallet_prefix<pallet_circuit_breaker::tests::mock::Test>
FN:271,pallet_prefix<pallet_circuit_breaker::tests::mock::Test>
FN:283,pallet_prefix<pallet_circuit_breaker::tests::mock::Test>
FN:290,pallet_prefix<pallet_circuit_breaker::tests::mock::Test>
FNF:6
FNDA:64,pallet_prefix<pallet_circuit_breaker::tests::mock::Test>
FNDA:34,pallet_prefix<pallet_circuit_breaker::tests::mock::Test>
FNDA:79,pallet_prefix<pallet_circuit_breaker::tests::mock::Test>
FNDA:38,pallet_prefix<pallet_circuit_breaker::tests::mock::Test>
FNDA:73,pallet_prefix<pallet_circuit_breaker::tests::mock::Test>
FNDA:32,pallet_prefix<pallet_circuit_breaker::tests::mock::Test>
DA:54,16
DA:56,32
DA:57,0
DA:58,0
DA:59,16
DA:60,48
DA:61,0
DA:62,0
DA:63,16
DA:64,16
DA:67,16
DA:71,32
DA:72,30
DA:73,0
DA:74,0
DA:75,15
DA:76,32
DA:78,16
DA:81,16
DA:82,32
DA:83,32
DA:84,0
DA:85,15
DA:86,15
DA:87,33
DA:89,15
DA:92,16
DA:93,18
DA:94,34
DA:95,15
DA:110,16
DA:111,36
DA:112,0
DA:113,0
DA:114,18
DA:115,18
DA:118,18
DA:120,21
DA:121,18
DA:122,3
DA:124,16
DA:132,169
DA:141,1
DA:142,1
DA:145,2
DA:146,2
DA:147,2
DA:148,2
DA:151,5
DA:152,6
DA:153,5
DA:157,10
DA:158,6
DA:159,6
DA:164,4
DA:165,4
DA:166,2
DA:238,16
DA:239,16
DA:245,64
DA:252,34
DA:260,15
DA:261,15
DA:264,79
DA:271,38
DA:279,24
DA:280,24
DA:283,73
DA:290,32
DA:351,2
DA:353,2
DA:355,2
DA:358,1
DA:361,1
DA:362,1
DA:363,1
DA:366,1
DA:385,6
DA:387,5
DA:389,3
DA:390,2
DA:395,1
DA:397,2
DA:398,2
DA:399,1
DA:402,2
DA:421,3
DA:423,3
DA:425,3
DA:426,2
DA:429,2
DA:431,2
DA:432,2
DA:433,2
DA:436,2
DA:442,15
DA:445,16
DA:447,0
DA:448,16
DA:452,15
DA:453,16
DA:454,0
DA:455,16
DA:456,16
DA:460,15
DA:463,24
DA:465,24
DA:466,1
DA:471,40
DA:472,22
DA:475,17
DA:477,23
DA:478,19
DA:479,0
DA:480,23
DA:487,43
DA:489,24
DA:490,24
DA:492,24
DA:493,24
DA:494,0
DA:495,24
DA:501,24
DA:504,15
DA:512,15
DA:513,31
DA:514,16
DA:518,16
DA:519,18
DA:521,15
DA:526,15
DA:527,32
DA:528,15
DA:530,15
DA:531,33
DA:533,15
DA:536,15
DA:539,15
DA:540,15
DA:542,31
DA:543,16
DA:545,18
DA:546,37
DA:548,16
DA:551,15
DA:554,5
DA:555,5
DA:556,13
DA:557,7
DA:559,7
DA:560,15
DA:562,4
DA:565,4
DA:568,5
DA:569,5
DA:571,8
DA:572,5
DA:573,1
DA:575,4
DA:576,3
DA:577,1
DA:580,2
DA:583,24
DA:584,24
DA:588,64
DA:589,24
DA:590,25
DA:591,23
DA:592,0
DA:595,28
DA:603,28
DA:604,28
DA:605,61
DA:610,24
DA:613,15
DA:619,15
DA:620,15
DA:621,15
DA:624,24
DA:625,41
DA:627,23
DA:630,6
DA:636,6
DA:637,6
DA:638,2
DA:641,9
DA:642,17
DA:644,7
DA:647,16
DA:649,16
DA:650,16
DA:651,16
DA:652,56
DA:653,3
DA:655,24
DA:658,0
DA:661,18
LF:197
LH:182
end_of_record
TN:
SF:/home/francois/hydradx/pallets/circuit-breaker/src/weights.rs
FN:70,on_finalize
FN:81,on_finalize_single_liquidity_limit_entry
FN:88,on_finalize_single_trade_limit_entry
FN:95,on_finalize_empty
FN:104,set_trade_volume_limit
FN:113,set_add_liquidity_limit
FN:122,set_remove_liquidity_limit
FN:137,ensure_add_liquidity_limit
FN:154,ensure_remove_liquidity_limit
FN:167,ensure_pool_state_change_limit
FNF:10
FNDA:0,on_finalize
FNDA:0,on_finalize_single_liquidity_limit_entry
FNDA:0,on_finalize_single_trade_limit_entry
FNDA:0,on_finalize_empty
FNDA:0,set_trade_volume_limit
FNDA:0,set_add_liquidity_limit
FNDA:0,set_remove_liquidity_limit
FNDA:9,ensure_add_liquidity_limit
FNDA:4,ensure_remove_liquidity_limit
FNDA:10,ensure_pool_state_change_limit
DA:70,0
DA:75,0
DA:77,0
DA:79,0
DA:81,0
DA:86,0
DA:88,0
DA:93,0
DA:95,0
DA:100,0
DA:104,0
DA:109,0
DA:113,0
DA:118,0
DA:122,0
DA:127,0
DA:137,9
DA:142,27
DA:143,8
DA:144,9
DA:154,4
DA:159,12
DA:160,3
DA:161,4
DA:167,10
DA:172,21
DA:173,3
DA:174,8
LF:28
LH:12
end_of_record
TN:
SF:/home/francois/hydradx/pallets/claims/src/lib.rs
FN:56,expecting
FN:100,pallet_prefix<pallet_claims::mock::Test>
FN:183,to_ascii_hex
FN:185,{closure#0}
FN:228,validate<pallet_claims::mock::Test>
FN:244,pre_dispatch<hydradx_runtime::Runtime>
FNF:6
FNDA:96,expecting
FNDA:18,pallet_prefix<pallet_claims::mock::Test>
FNDA:8,to_ascii_hex
FNDA:24,{closure#0}
FNDA:3,validate<pallet_claims::mock::Test>
FNDA:0,pre_dispatch<hydradx_runtime::Runtime>
DA:56,96
DA:100,18
DA:112,27
DA:113,45
DA:114,27
DA:124,0
DA:125,7
DA:127,7
DA:129,6
DA:131,6
DA:141,3
DA:145,3
DA:147,16
DA:149,2
DA:150,6
DA:151,6
DA:153,6
DA:154,2
DA:156,4
DA:158,2
DA:167,1
DA:168,2
DA:169,5
DA:170,3
DA:171,1
DA:174,9
DA:176,3
DA:178,3
DA:183,8
DA:184,8
DA:185,24
DA:186,17
DA:187,8
DA:188,8
DA:190,8
DA:199,0
DA:200,0
DA:206,1
DA:207,1
DA:208,1
DA:209,0
DA:211,1
DA:224,0
DA:225,0
DA:228,3
DA:235,3
DA:236,3
DA:237,1
DA:238,1
DA:240,0
DA:244,0
DA:251,0
DA:257,0
DA:258,0
LF:54
LH:43
end_of_record
TN:
SF:/home/francois/hydradx/pallets/claims/src/traits.rs
FN:35,serialize<&mut serde_json::ser::Serializer<&mut alloc::vec::Vec<u8, alloc::alloc::Global>, serde_json::ser::PrettyFormatter>>
FN:45,deserialize<&mut serde_json::de::Deserializer<serde_json::read::IoRead<&[u8]>>>
FN:68,eq
FN:74,fmt
FNF:4
FNDA:0,serialize<&mut serde_json::ser::Serializer<&mut alloc::vec::Vec<u8, alloc::alloc::Global>, serde_json::ser::PrettyFormatter>>
FNDA:0,deserialize<&mut serde_json::de::Deserializer<serde_json::read::IoRead<&[u8]>>>
FNDA:0,eq
FNDA:0,fmt
DA:35,0
DA:39,0
DA:40,0
DA:45,0
DA:49,0
DA:50,0
DA:51,0
DA:52,0
DA:53,0
DA:54,0
DA:57,0
DA:58,0
DA:59,0
DA:60,0
DA:68,0
DA:69,0
DA:74,0
DA:75,0
DA:81,8
DA:83,8
DA:84,8
DA:85,16
DA:86,8
DA:87,8
DA:89,8
DA:90,16
DA:91,8
DA:92,8
DA:93,8
DA:98,8
DA:99,8
DA:100,8
DA:101,6
DA:102,24
DA:103,6
LF:35
LH:17
end_of_record
TN:
SF:/home/francois/hydradx/pallets/claims/src/weights.rs
FN:81,claim
FNF:1
FNDA:0,claim
DA:64,0
DA:69,0
DA:70,0
DA:71,0
DA:81,0
DA:86,0
DA:87,0
DA:88,0
LF:8
LH:0
end_of_record
TN:
SF:/home/francois/hydradx/pallets/collator-rewards/src/lib.rs
FN:39,decode<pallet_collator_rewards::mock::Test, &[u8]>
FN:108,pallet_prefix<hydradx_runtime::Runtime>
FN:116,new_session<pallet_collator_rewards::mock::Test>
FN:131,start_session<pallet_collator_rewards::mock::Test>
FNF:4
FNDA:23,decode<pallet_collator_rewards::mock::Test, &[u8]>
FNDA:66,pallet_prefix<hydradx_runtime::Runtime>
FNDA:33,new_session<pallet_collator_rewards::mock::Test>
FNDA:33,start_session<pallet_collator_rewards::mock::Test>
DA:39,23
DA:108,66
DA:116,33
DA:117,33
DA:118,33
DA:119,66
DA:120,33
DA:121,33
DA:122,0
DA:123,0
DA:124,0
DA:128,33
DA:131,33
DA:132,33
DA:135,1
DA:136,1
DA:137,1
DA:139,3
DA:140,2
DA:141,1
DA:142,1
DA:143,2
DA:144,1
DA:145,0
DA:146,0
DA:148,0
LF:26
LH:20
end_of_record
TN:
SF:/home/francois/hydradx/pallets/collator-rewards/src/migration.rs
FNF:0
DA:39,0
DA:40,0
DA:42,0
DA:45,0
DA:46,0
DA:48,0
DA:50,0
DA:51,0
DA:52,0
DA:53,0
DA:54,0
DA:55,0
DA:56,0
DA:58,0
DA:59,0
DA:60,0
DA:61,0
DA:62,0
DA:64,0
DA:69,0
DA:70,0
DA:73,0
DA:74,0
DA:76,0
LF:24
LH:0
end_of_record
TN:
SF:/home/francois/hydradx/pallets/currencies/src/fungibles.rs
FN:48,reducible_balance<pallet_currencies::mock::Runtime>
FN:67,can_deposit<pallet_currencies::mock::Runtime>
FN:85,can_withdraw<pallet_currencies::mock::Runtime>
FN:192,mint_into<pallet_currencies::mock::Runtime>
FN:204,burn_from<pallet_currencies::mock::Runtime>
FN:226,transfer<pallet_currencies::mock::Runtime>
FNF:6
FNDA:16,reducible_balance<pallet_currencies::mock::Runtime>
FNDA:1,can_deposit<pallet_currencies::mock::Runtime>
FNDA:1,can_withdraw<pallet_currencies::mock::Runtime>
FNDA:16,mint_into<pallet_currencies::mock::Runtime>
FNDA:1,burn_from<pallet_currencies::mock::Runtime>
FNDA:3,transfer<pallet_currencies::mock::Runtime>
DA:28,1
DA:29,1
DA:32,1
DA:33,1
DA:36,0
DA:37,0
DA:40,1
DA:41,1
DA:42,1
DA:44,1
DA:48,16
DA:54,26
DA:55,12
DA:58,7
DA:59,0
DA:60,0
DA:61,0
DA:67,1
DA:73,2
DA:74,1
DA:77,1
DA:78,0
DA:79,1
DA:80,0
DA:85,1
DA:90,1
DA:91,1
DA:93,1
DA:98,1
DA:99,1
DA:100,1
DA:102,1
DA:121,0
DA:122,0
DA:123,0
DA:124,0
DA:126,0
DA:127,0
DA:128,0
DA:138,0
DA:139,0
DA:140,0
DA:143,0
DA:144,0
DA:145,0
DA:147,0
DA:151,0
DA:152,0
DA:153,0
DA:155,0
DA:159,0
DA:160,0
DA:161,0
DA:163,0
DA:167,0
DA:168,0
DA:169,0
DA:171,0
DA:192,16
DA:197,16
DA:198,15
DA:200,16
DA:204,1
DA:211,1
DA:212,1
DA:216,1
DA:217,0
DA:218,1
DA:219,0
DA:220,0
DA:226,3
DA:233,3
DA:234,2
DA:238,3
DA:239,0
DA:240,0
DA:241,3
DA:242,0
LF:78
LH:39
end_of_record
TN:
SF:/home/francois/hydradx/pallets/currencies/src/lib.rs
FN:264,transfer<pallet_transaction_multi_payment::mock::Test>
FN:359,set_lock<pallet_currencies::mock::Runtime>
[...]
FN:53,set<hydradx_runtime::Runtime>
FN:62,on_finalize<hydradx_runtime::Runtime>
FNF:2
FNDA:0,set<hydradx_runtime::Runtime>
FNDA:0,on_finalize<hydradx_runtime::Runtime>
DA:53,0
DA:58,0
DA:59,0
DA:60,0
DA:62,0
DA:67,0
LF:6
LH:0
end_of_record
TN:
SF:/home/francois/hydradx/runtime/hydradx/src/weights/tokens.rs
FN:104,transfer_all<hydradx_runtime::Runtime>
FNF:1
FNDA:0,transfer_all<hydradx_runtime::Runtime>
DA:73,1
DA:78,3
DA:79,1
DA:80,1
DA:104,0
DA:109,0
DA:110,0
DA:111,0
DA:135,0
DA:140,0
DA:141,0
DA:142,0
DA:166,0
DA:171,0
DA:172,0
DA:173,0
DA:187,0
DA:192,0
DA:193,0
DA:194,0
LF:20
LH:4
end_of_record
TN:
SF:/home/francois/hydradx/runtime/hydradx/src/weights/transaction_pause.rs
FN:53,pause_transaction<hydradx_runtime::Runtime>
FNF:1
FNDA:0,pause_transaction<hydradx_runtime::Runtime>
DA:53,0
DA:58,0
DA:59,0
DA:60,0
DA:64,0
DA:69,0
DA:70,0
DA:71,0
LF:8
LH:0
end_of_record
TN:
SF:/home/francois/hydradx/runtime/hydradx/src/weights/treasury.rs
FN:51,spend<hydradx_runtime::Runtime>
FN:62,propose_spend<hydradx_runtime::Runtime>
FN:75,reject_proposal<hydradx_runtime::Runtime>
FN:102,remove_approval<hydradx_runtime::Runtime>
FNF:4
FNDA:0,spend<hydradx_runtime::Runtime>
FNDA:0,propose_spend<hydradx_runtime::Runtime>
FNDA:0,reject_proposal<hydradx_runtime::Runtime>
FNDA:0,remove_approval<hydradx_runtime::Runtime>
DA:51,0
DA:56,0
DA:62,0
DA:67,0
DA:68,0
DA:69,0
DA:75,0
DA:80,0
DA:81,0
DA:82,0
DA:89,0
DA:94,0
DA:96,0
DA:97,0
DA:98,0
DA:102,0
DA:107,0
DA:108,0
DA:109,0
DA:122,0
DA:127,0
DA:129,0
DA:130,0
DA:131,0
DA:132,0
DA:133,0
DA:134,0
LF:27
LH:0
end_of_record
TN:
SF:/home/francois/hydradx/runtime/hydradx/src/weights/utility.rs
FN:69,batch_all<hydradx_runtime::Runtime>
FN:78,dispatch_as<hydradx_runtime::Runtime>
FNF:2
FNDA:0,batch_all<hydradx_runtime::Runtime>
FNDA:0,dispatch_as<hydradx_runtime::Runtime>
DA:52,0
DA:57,0
DA:59,0
DA:61,0
DA:66,0
DA:69,0
DA:74,0
DA:76,0
DA:78,0
DA:83,0
DA:86,0
DA:91,0
DA:93,0
LF:13
LH:0
end_of_record
TN:
SF:/home/francois/hydradx/runtime/hydradx/src/weights/vesting.rs
FN:75,claim<hydradx_runtime::Runtime>
FNF:1
FNDA:0,claim<hydradx_runtime::Runtime>
DA:59,0
DA:64,0
DA:65,0
DA:66,0
DA:75,0
DA:80,0
DA:82,0
DA:83,0
DA:84,0
DA:95,0
DA:100,0
DA:102,0
DA:103,0
DA:104,0
LF:14
LH:0
end_of_record
TN:
SF:/home/francois/hydradx/runtime/hydradx/src/weights/xcm.rs
FNF:0
DA:61,0
DA:66,0
DA:67,0
DA:68,0
DA:72,0
DA:77,0
DA:81,0
DA:86,0
DA:87,0
DA:91,0
DA:96,0
DA:100,0
DA:105,0
DA:106,0
DA:110,0
DA:115,0
DA:116,0
DA:134,0
DA:139,0
DA:140,0
DA:141,0
DA:157,0
DA:162,0
DA:163,0
DA:164,0
DA:168,0
DA:173,0
DA:174,0
DA:178,0
DA:183,0
DA:184,0
DA:185,0
DA:189,0
DA:194,0
DA:195,0
DA:196,0
DA:200,0
DA:205,0
DA:206,0
DA:220,0
DA:225,0
DA:226,0
DA:227,0
DA:231,0
DA:236,0
DA:237,0
DA:241,0
DA:246,0
DA:247,0
DA:248,0
DA:262,0
DA:267,0
DA:268,0
DA:269,0
LF:54
LH:0
end_of_record
TN:
SF:/home/francois/hydradx/runtime/hydradx/src/weights/xcmp_queue.rs
FN:90,service_deferred<hydradx_runtime::Runtime>
FNF:1
FNDA:18,service_deferred<hydradx_runtime::Runtime>
DA:53,0
DA:58,0
DA:59,0
DA:60,0
DA:64,0
DA:69,0
DA:70,0
DA:71,0
DA:90,18
DA:95,126
DA:97,18
DA:98,18
DA:99,18
DA:100,18
DA:101,18
DA:102,18
DA:107,1
DA:112,5
DA:114,1
DA:115,1
DA:116,1
DA:117,1
DA:122,1
DA:127,5
DA:129,1
DA:130,1
DA:131,1
DA:132,1
DA:139,3
DA:144,15
DA:146,3
DA:147,3
DA:148,3
DA:149,3
LF:34
LH:26
end_of_record
TN:
SF:/home/francois/hydradx/runtime/hydradx/src/weights/xyk.rs
FN:89,create_pool<hydradx_runtime::Runtime>
FNF:1
FNDA:0,create_pool<hydradx_runtime::Runtime>
DA:89,0
DA:94,0
DA:95,0
DA:96,0
DA:126,0
DA:131,0
DA:132,0
DA:133,0
DA:165,0
DA:170,0
DA:171,0
DA:172,0
DA:198,0
DA:203,0
DA:204,0
DA:205,0
DA:231,0
DA:236,0
DA:237,0
DA:238,0
DA:266,1
DA:271,7
DA:273,1
DA:275,1
DA:276,1
DA:277,1
DA:278,1
DA:279,1
DA:307,1
DA:312,7
DA:314,1
DA:316,1
DA:317,1
DA:318,1
DA:319,1
DA:320,1
LF:36
LH:16
end_of_record
TN:
SF:/home/francois/hydradx/runtime/hydradx/src/xcm.rs
FN:281,convert
FN:293,convert
FN:314,convert
FN:328,convert
FN:365,contains
FN:393,contains
FNF:6
FNDA:1,convert
FNDA:1,convert
FNDA:1,convert
FNDA:2,convert
FNDA:2,contains
FNDA:1,contains
DA:55,2
DA:59,2
DA:61,0
DA:63,0
DA:89,1
DA:93,1
DA:179,0
DA:180,0
DA:181,0
DA:263,2
DA:264,1
DA:281,1
DA:282,1
DA:283,1
DA:285,2
DA:287,3
DA:293,1
DA:294,1
DA:295,3
DA:300,2
DA:303,0
DA:308,1
DA:314,1
DA:315,1
DA:316,1
DA:319,1
DA:321,0
DA:328,2
DA:329,1
DA:330,1
DA:331,2
DA:360,0
DA:365,2
DA:366,1
DA:393,1
DA:402,1
DA:403,1
DA:406,2
DA:407,1
LF:39
LH:31
end_of_record
TN:
SF:/home/francois/hydradx/scraper/src/lib.rs
FN:82,{closure#2}<sp_runtime::generic::block::Block<sp_runtime::generic::header::Header<u32, sp_runtime::traits::BlakeTwo256>, fp_self_contained::unchecked_extrinsic::UncheckedExtrinsic<sp_core::crypto::AccountId32, hydradx_runtime::RuntimeCall, sp_runtime::MultiSignature, (frame_system::extensions::check_spec_version::CheckSpecVersion<hydradx_runtime::Runtime>, frame_system::extensions::check_tx_version::CheckTxVersion<hydradx_runtime::Runtime>, frame_system::extensions::check_genesis::CheckGenesis<hydradx_runtime::Runtime>, frame_system::extensions::check_mortality::CheckMortality<hydradx_runtime::Runtime>, frame_system::extensions::check_nonce::CheckNonce<hydradx_runtime::Runtime>, frame_system::extensions::check_weight::CheckWeight<hydradx_runtime::Runtime>, pallet_transaction_payment::ChargeTransactionPayment<hydradx_runtime::Runtime>, pallet_claims::ValidateClaim<hydradx_runtime::Runtime>)>>>
FN:86,save_externalities<sp_runtime::generic::block::Block<sp_runtime::generic::header::Header<u32, sp_runtime::traits::BlakeTwo256>, fp_self_contained::unchecked_extrinsic::UncheckedExtrinsic<sp_core::crypto::AccountId32, hydradx_runtime::RuntimeCall, sp_runtime::MultiSignature, (frame_system::extensions::check_spec_version::CheckSpecVersion<hydradx_runtime::Runtime>, frame_system::extensions::check_tx_version::CheckTxVersion<hydradx_runtime::Runtime>, frame_system::extensions::check_genesis::CheckGenesis<hydradx_runtime::Runtime>, frame_system::extensions::check_mortality::CheckMortality<hydradx_runtime::Runtime>, frame_system::extensions::check_nonce::CheckNonce<hydradx_runtime::Runtime>, frame_system::extensions::check_weight::CheckWeight<hydradx_runtime::Runtime>, pallet_transaction_payment::ChargeTransactionPayment<hydradx_runtime::Runtime>, pallet_claims::ValidateClaim<hydradx_runtime::Runtime>)>>>
FN:112,extend_externalities<sp_runtime::generic::block::Block<sp_runtime::generic::header::Header<u32, sp_runtime::traits::BlakeTwo256>, fp_self_contained::unchecked_extrinsic::UncheckedExtrinsic<sp_core::crypto::AccountId32, hydradx_runtime::RuntimeCall, sp_runtime::MultiSignature, (frame_system::extensions::check_spec_version::CheckSpecVersion<hydradx_runtime::Runtime>, frame_system::extensions::check_tx_version::CheckTxVersion<hydradx_runtime::Runtime>, frame_system::extensions::check_genesis::CheckGenesis<hydradx_runtime::Runtime>, frame_system::extensions::check_mortality::CheckMortality<hydradx_runtime::Runtime>, frame_system::extensions::check_nonce::CheckNonce<hydradx_runtime::Runtime>, frame_system::extensions::check_weight::CheckWeight<hydradx_runtime::Runtime>, pallet_transaction_payment::ChargeTransactionPayment<hydradx_runtime::Runtime>, pallet_claims::ValidateClaim<hydradx_runtime::Runtime>)>>, scraper::save_and_load_externalities_should_work::{closure_env#0}>
FN:126,externalities_from_genesis
FNF:4
FNDA:2,{closure#2}<sp_runtime::generic::block::Block<sp_runtime::generic::header::Header<u32, sp_runtime::traits::BlakeTwo256>, fp_self_contained::unchecked_extrinsic::UncheckedExtrinsic<sp_core::crypto::AccountId32, hydradx_runtime::RuntimeCall, sp_runtime::MultiSignature, (frame_system::extensions::check_spec_version::CheckSpecVersion<hydradx_runtime::Runtime>, frame_system::extensions::check_tx_version::CheckTxVersion<hydradx_runtime::Runtime>, frame_system::extensions::check_genesis::CheckGenesis<hydradx_runtime::Runtime>, frame_system::extensions::check_mortality::CheckMortality<hydradx_runtime::Runtime>, frame_system::extensions::check_nonce::CheckNonce<hydradx_runtime::Runtime>, frame_system::extensions::check_weight::CheckWeight<hydradx_runtime::Runtime>, pallet_transaction_payment::ChargeTransactionPayment<hydradx_runtime::Runtime>, pallet_claims::ValidateClaim<hydradx_runtime::Runtime>)>>>
FNDA:1,save_externalities<sp_runtime::generic::block::Block<sp_runtime::generic::header::Header<u32, sp_runtime::traits::BlakeTwo256>, fp_self_contained::unchecked_extrinsic::UncheckedExtrinsic<sp_core::crypto::AccountId32, hydradx_runtime::RuntimeCall, sp_runtime::MultiSignature, (frame_system::extensions::check_spec_version::CheckSpecVersion<hydradx_runtime::Runtime>, frame_system::extensions::check_tx_version::CheckTxVersion<hydradx_runtime::Runtime>, frame_system::extensions::check_genesis::CheckGenesis<hydradx_runtime::Runtime>, frame_system::extensions::check_mortality::CheckMortality<hydradx_runtime::Runtime>, frame_system::extensions::check_nonce::CheckNonce<hydradx_runtime::Runtime>, frame_system::extensions::check_weight::CheckWeight<hydradx_runtime::Runtime>, pallet_transaction_payment::ChargeTransactionPayment<hydradx_runtime::Runtime>, pallet_claims::ValidateClaim<hydradx_runtime::Runtime>)>>>
FNDA:2,extend_externalities<sp_runtime::generic::block::Block<sp_runtime::generic::header::Header<u32, sp_runtime::traits::BlakeTwo256>, fp_self_contained::unchecked_extrinsic::UncheckedExtrinsic<sp_core::crypto::AccountId32, hydradx_runtime::RuntimeCall, sp_runtime::MultiSignature, (frame_system::extensions::check_spec_version::CheckSpecVersion<hydradx_runtime::Runtime>, frame_system::extensions::check_tx_version::CheckTxVersion<hydradx_runtime::Runtime>, frame_system::extensions::check_genesis::CheckGenesis<hydradx_runtime::Runtime>, frame_system::extensions::check_mortality::CheckMortality<hydradx_runtime::Runtime>, frame_system::extensions::check_nonce::CheckNonce<hydradx_runtime::Runtime>, frame_system::extensions::check_weight::CheckWeight<hydradx_runtime::Runtime>, pallet_transaction_payment::ChargeTransactionPayment<hydradx_runtime::Runtime>, pallet_claims::ValidateClaim<hydradx_runtime::Runtime>)>>, scraper::save_and_load_externalities_should_work::{closure_env#0}>
FNDA:2,externalities_from_genesis
DA:16,0
DA:17,0
DA:18,0
DA:19,0
DA:20,0
DA:21,0
DA:24,0
DA:25,0
DA:26,0
DA:27,0
DA:28,0
DA:36,0
DA:38,0
DA:56,1
DA:71,1
DA:72,1
DA:75,2
DA:76,0
DA:78,2
DA:79,0
DA:82,2
DA:86,1
DA:87,1
DA:88,2
DA:90,2
DA:92,1
DA:93,1
DA:95,1
DA:98,1
DA:99,2
DA:100,0
DA:101,0
DA:102,1
DA:103,1
DA:104,1
DA:105,0
DA:107,1
DA:109,1
DA:112,2
DA:116,2
DA:117,2
DA:118,2
DA:126,2
DA:129,4
DA:134,2
DA:139,2
LF:46
LH:28
end_of_record
TN:
SF:/home/francois/hydradx/scraper/src/main.rs
FN:76,main
FN:102,{async_block#0}
FN:113,{async_block#1}
FN:140,{async_block#3}
FNF:4
FNDA:0,main
FNDA:0,{async_block#0}
FNDA:0,{async_block#1}
FNDA:0,{async_block#3}
DA:53,0
DA:54,0
DA:55,0
DA:56,0
DA:58,0
DA:59,0
DA:60,0
DA:61,0
DA:62,0
DA:63,0
DA:76,0
DA:77,0
DA:79,0
DA:80,0
DA:81,0
DA:83,0
DA:84,0
DA:87,0
DA:88,0
DA:89,0
DA:94,0
DA:96,0
DA:98,0
DA:102,0
DA:104,0
DA:106,0
DA:107,0
DA:109,0
DA:113,0
DA:115,0
DA:117,0
DA:118,0
DA:122,0
DA:123,0
DA:124,0
DA:125,0
DA:127,0
DA:131,0
DA:132,0
DA:136,0
DA:140,0
DA:141,0
DA:142,0
DA:146,0
DA:149,0
DA:151,0
DA:155,0
LF:47
LH:0
end_of_record
TN:
SF:/home/francois/hydradx/traits/src/lib.rs
FN:87,sell<pallet_lbp::pallet::Pallet<pallet_lbp::mock::Test>, u64, u32, pallet_lbp::types::AssetPair, u128>
FN:112,buy<pallet_lbp::pallet::Pallet<pallet_lbp::mock::Test>, u64, u32, pallet_lbp::types::AssetPair, u128>
FN:178,on_trade<u32, u128, hydra_dx_math::ratio::Ratio>
FN:190,on_trade_weight<u32, u128, hydra_dx_math::ratio::Ratio>
FN:230,on_liquidity_changed<u32, u128, hydra_dx_math::ratio::Ratio>
FNF:5
FNDA:7,sell<pallet_lbp::pallet::Pallet<pallet_lbp::mock::Test>, u64, u32, pallet_lbp::types::AssetPair, u128>
FNDA:13,buy<pallet_lbp::pallet::Pallet<pallet_lbp::mock::Test>, u64, u32, pallet_lbp::types::AssetPair, u128>
FNDA:3,on_trade<u32, u128, hydra_dx_math::ratio::Ratio>
FNDA:0,on_trade_weight<u32, u128, hydra_dx_math::ratio::Ratio>
FNDA:2,on_liquidity_changed<u32, u128, hydra_dx_math::ratio::Ratio>
DA:87,7
DA:94,13
DA:95,7
DA:112,13
DA:119,19
DA:120,6
DA:152,2
DA:153,12
DA:178,3
DA:188,6
DA:190,0
DA:191,0
DA:200,0
DA:201,0
DA:230,2
DA:240,4
DA:243,0
DA:244,0
LF:18
LH:12
end_of_record
TN:
SF:/home/francois/hydradx/traits/src/oracle.rs
FN:190,from<u128>
FNF:1
FNDA:10,from<u128>
DA:18,0
DA:19,0
DA:37,0
DA:38,0
DA:63,0
DA:68,0
DA:87,0
DA:112,3
DA:116,4
DA:117,3
DA:122,15
DA:124,15
DA:125,15
DA:132,15
DA:133,0
DA:134,17
DA:135,18
DA:136,17
DA:137,18
DA:138,0
DA:139,0
DA:140,18
DA:141,18
DA:142,17
DA:143,18
DA:144,0
DA:146,18
DA:147,18
DA:148,18
DA:149,18
DA:154,0
DA:156,0
DA:157,0
DA:162,8
DA:163,0
DA:164,8
DA:165,8
DA:166,8
DA:167,8
DA:168,0
DA:179,21
DA:190,10
DA:198,10
DA:216,17
DA:221,8
DA:222,8
DA:227,20
DA:233,20
DA:234,9
DA:264,0
DA:267,0
DA:268,0
DA:296,0
DA:299,0
DA:300,0
DA:319,0
DA:322,0
DA:323,0
LF:58
LH:33
end_of_record
TN:
SF:/home/francois/hydradx/traits/src/registry.rs
FN:69,register_insufficient_asset<pallet_asset_registry::pallet::Pallet<hydradx_runtime::Runtime>, u128>
FN:92,register_sufficient_asset<pallet_asset_registry::pallet::Pallet<hydradx_runtime::Runtime>, u128>
FN:126,get_or_register_sufficient_asset<pallet_asset_registry::pallet::Pallet<pallet_asset_registry::tests::mock::Test>, u128>
FN:147,get_or_register_insufficient_asset<pallet_asset_registry::pallet::Pallet<hydradx_runtime::Runtime>, u128>
FNF:4
FNDA:2,register_insufficient_asset<pallet_asset_registry::pallet::Pallet<hydradx_runtime::Runtime>, u128>
FNDA:2,register_sufficient_asset<pallet_asset_registry::pallet::Pallet<hydradx_runtime::Runtime>, u128>
FNDA:1,get_or_register_sufficient_asset<pallet_asset_registry::pallet::Pallet<pallet_asset_registry::tests::mock::Test>, u128>
FNDA:4,get_or_register_insufficient_asset<pallet_asset_registry::pallet::Pallet<hydradx_runtime::Runtime>, u128>
DA:69,2
DA:80,0
DA:81,0
DA:82,0
DA:83,0
DA:84,0
DA:85,0
DA:86,0
DA:87,0
DA:92,2
DA:103,0
DA:104,0
DA:105,0
DA:106,2
DA:107,0
DA:108,0
DA:109,0
DA:110,0
DA:126,1
DA:136,0
DA:137,0
DA:138,1
DA:139,0
DA:140,0
DA:141,0
DA:142,0
DA:147,4
DA:157,0
DA:158,0
DA:159,0
DA:160,0
DA:161,0
DA:162,0
DA:163,0
LF:34
LH:6
end_of_record
TN:
SF:/home/francois/hydradx/traits/src/router.rs
FN:177,calculate_sell<sp_runtime::DispatchError, pallet_route_executor::tests::mock::RuntimeOrigin, u64, u32, u128, pallet_route_executor::tests::mock::XYK, pallet_route_executor::tests::mock::StableSwap, pallet_route_executor::tests::mock::OmniPool, pallet_route_executor::tests::mock::LBP>
FN:195,calculate_buy<sp_runtime::DispatchError, pallet_route_executor::tests::mock::RuntimeOrigin, u64, u32, u128, pallet_route_executor::tests::mock::XYK, pallet_route_executor::tests::mock::StableSwap, pallet_route_executor::tests::mock::OmniPool, pallet_route_executor::tests::mock::LBP>
FN:213,execute_sell<sp_runtime::DispatchError, pallet_route_executor::tests::mock::RuntimeOrigin, u64, u32, u128, pallet_route_executor::tests::mock::XYK, pallet_route_executor::tests::mock::StableSwap, pallet_route_executor::tests::mock::OmniPool, pallet_route_executor::tests::mock::LBP>
FN:233,execute_buy<sp_runtime::DispatchError, pallet_route_executor::tests::mock::RuntimeOrigin, u64, u32, u128, pallet_route_executor::tests::mock::XYK, pallet_route_executor::tests::mock::StableSwap, pallet_route_executor::tests::mock::OmniPool, pallet_route_executor::tests::mock::LBP>
FN:253,get_liquidity_depth<sp_runtime::DispatchError, pallet_route_executor::tests::mock::RuntimeOrigin, u64, u32, u128, pallet_route_executor::tests::mock::XYK, pallet_route_executor::tests::mock::StableSwap, pallet_route_executor::tests::mock::OmniPool, pallet_route_executor::tests::mock::LBP>
FNF:5
FNDA:25,calculate_sell<sp_runtime::DispatchError, pallet_route_executor::tests::mock::RuntimeOrigin, u64, u32, u128, pallet_route_executor::tests::mock::XYK, pallet_route_executor::tests::mock::StableSwap, pallet_route_executor::tests::mock::OmniPool, pallet_route_executor::tests::mock::LBP>
FNDA:28,calculate_buy<sp_runtime::DispatchError, pallet_route_executor::tests::mock::RuntimeOrigin, u64, u32, u128, pallet_route_executor::tests::mock::XYK, pallet_route_executor::tests::mock::StableSwap, pallet_route_executor::tests::mock::OmniPool, pallet_route_executor::tests::mock::LBP>
FNDA:11,execute_sell<sp_runtime::DispatchError, pallet_route_executor::tests::mock::RuntimeOrigin, u64, u32, u128, pallet_route_executor::tests::mock::XYK, pallet_route_executor::tests::mock::StableSwap, pallet_route_executor::tests::mock::OmniPool, pallet_route_executor::tests::mock::LBP>
FNDA:19,execute_buy<sp_runtime::DispatchError, pallet_route_executor::tests::mock::RuntimeOrigin, u64, u32, u128, pallet_route_executor::tests::mock::XYK, pallet_route_executor::tests::mock::StableSwap, pallet_route_executor::tests::mock::OmniPool, pallet_route_executor::tests::mock::LBP>
FNDA:7,get_liquidity_depth<sp_runtime::DispatchError, pallet_route_executor::tests::mock::RuntimeOrigin, u64, u32, u128, pallet_route_executor::tests::mock::XYK, pallet_route_executor::tests::mock::StableSwap, pallet_route_executor::tests::mock::OmniPool, pallet_route_executor::tests::mock::LBP>
DA:16,63
DA:22,22
DA:26,23
DA:27,6
DA:28,22
DA:32,23
DA:36,23
DA:39,11
DA:43,11
DA:44,11
DA:49,34
DA:50,68
DA:51,34
DA:52,34
DA:53,34
DA:86,20
DA:87,17
DA:89,40
DA:90,17
DA:91,20
DA:92,17
DA:177,25
DA:183,0
DA:184,0
DA:185,0
DA:186,32
DA:187,28
DA:188,5
DA:190,0
DA:192,0
DA:195,28
DA:201,0
DA:202,0
DA:203,0
DA:204,30
DA:205,25
DA:206,3
DA:208,0
DA:210,0
DA:213,11
DA:221,0
DA:222,0
DA:223,19
DA:224,64
DA:225,26
DA:226,5
DA:228,0
DA:230,0
DA:233,19
DA:241,0
DA:242,0
DA:243,26
DA:244,33
DA:245,23
DA:246,2
DA:248,0
DA:250,0
DA:253,7
DA:258,0
DA:259,0
DA:260,0
DA:261,13
DA:262,12
DA:263,1
DA:265,0
DA:267,0
DA:282,0
DA:283,0
DA:285,0
DA:286,0
DA:288,0
DA:289,0
DA:291,16
DA:292,16
DA:294,14
DA:295,14
DA:297,0
DA:298,0
LF:78
LH:47
end_of_record
TN:
SF:/home/francois/hydradx/utils/build-script-utils/src/git.rs
FN:10,rerun_if_git_head_changed
FN:42,get_git_paths
FNF:2
FNDA:0,rerun_if_git_head_changed
FNDA:0,get_git_paths
DA:10,0
DA:11,0
DA:13,0
DA:15,0
DA:16,0
DA:17,0
DA:18,0
DA:23,0
DA:24,0
DA:25,0
DA:32,0
DA:35,0
DA:37,0
DA:42,0
DA:43,0
DA:45,0
DA:46,0
DA:48,0
DA:51,0
DA:52,0
DA:53,0
DA:54,0
DA:56,0
DA:57,0
DA:58,0
DA:60,0
DA:62,0
DA:63,0
DA:67,0
DA:69,0
DA:70,0
DA:71,0
DA:72,0
DA:73,0
DA:76,0
DA:79,0
DA:80,0
DA:81,0
DA:84,0
DA:85,0
DA:86,0
DA:87,0
DA:89,0
DA:90,0
DA:91,0
DA:93,0
DA:95,0
DA:96,0
DA:101,0
DA:102,0
DA:107,0
LF:51
LH:0
end_of_record
TN:
SF:/home/francois/hydradx/utils/build-script-utils/src/version.rs
FN:5,generate_cargo_keys
FN:30,get_platform
FN:42,get_release_version
FN:64,get_build_deps
FN:69,parse_dependencies
FN:80,get_version
FNF:6
FNDA:0,generate_cargo_keys
FNDA:0,get_platform
FNDA:0,get_release_version
FNDA:0,get_build_deps
FNDA:0,parse_dependencies
FNDA:0,get_version
DA:5,0
DA:6,0
DA:8,0
DA:9,0
DA:10,0
DA:11,0
DA:13,0
DA:14,0
DA:15,0
DA:17,0
DA:18,0
DA:19,0
DA:23,0
DA:25,0
DA:27,0
DA:30,0
DA:31,0
DA:33,0
DA:35,0
DA:36,0
DA:38,0
DA:42,0
DA:43,0
DA:44,0
DA:47,0
DA:48,0
DA:49,0
DA:50,0
DA:52,0
DA:53,0
DA:54,0
DA:56,0
DA:57,0
DA:58,0
DA:61,0
DA:64,0
DA:65,0
DA:66,0
DA:69,0
DA:70,0
DA:71,0
DA:73,0
DA:74,0
DA:76,0
DA:77,0
DA:80,0
DA:81,0
DA:82,0
DA:83,0
DA:84,0
DA:85,0
DA:86,0
DA:88,0
DA:91,0
DA:93,0
DA:97,0
DA:98,0
LF:57
LH:0
end_of_record
TN:
SF:/home/francois/hydradx/utils/test-utils/src/lib.rs
FN:4,expect_events<pallet_dca::tests::mock::RuntimeEvent, pallet_dca::tests::mock::Test>
FN:12,last_events<pallet_evm_accounts::mock::RuntimeEvent, pallet_evm_accounts::mock::Test>
FN:65,{closure#0}
FNF:3
FNDA:15,expect_events<pallet_dca::tests::mock::RuntimeEvent, pallet_dca::tests::mock::Test>
FNDA:13,last_events<pallet_evm_accounts::mock::RuntimeEvent, pallet_evm_accounts::mock::Test>
FNDA:10,{closure#0}
DA:4,15
DA:8,20
DA:9,33
DA:12,13
DA:17,16
DA:20,0
DA:22,37
DA:65,10
LF:8
LH:7
end_of_record
